<?xml version="1.0" encoding="UTF-8"?>
<testsuite xmlns:xsi="http://www.w3.org/2001/XMLSchema-instance" xsi:noNamespaceSchemaLocation="https://maven.apache.org/surefire/maven-surefire-plugin/xsd/surefire-test-report-3.0.xsd" version="3.0" name="BaseClass.TestRun" time="642.78" tests="6" errors="2" skipped="0" failures="1">
  <properties>
    <property name="java.specification.version" value="17"/>
    <property name="sun.cpu.isalist" value="amd64"/>
    <property name="sun.jnu.encoding" value="Cp1252"/>
    <property name="java.class.path" value="D:\Selenium Live Projects\slidegeeksEbooksLoginTest\target\test-classes;D:\Selenium Live Projects\slidegeeksEbooksLoginTest\target\classes;C:\Users\SLIDE QA\.m2\repository\org\seleniumhq\selenium\selenium-java\3.141.59\selenium-java-3.141.59.jar;C:\Users\SLIDE QA\.m2\repository\org\seleniumhq\selenium\selenium-api\3.141.59\selenium-api-3.141.59.jar;C:\Users\SLIDE QA\.m2\repository\org\seleniumhq\selenium\selenium-chrome-driver\3.141.59\selenium-chrome-driver-3.141.59.jar;C:\Users\SLIDE QA\.m2\repository\org\seleniumhq\selenium\selenium-edge-driver\3.141.59\selenium-edge-driver-3.141.59.jar;C:\Users\SLIDE QA\.m2\repository\org\seleniumhq\selenium\selenium-firefox-driver\3.141.59\selenium-firefox-driver-3.141.59.jar;C:\Users\SLIDE QA\.m2\repository\org\seleniumhq\selenium\selenium-ie-driver\3.141.59\selenium-ie-driver-3.141.59.jar;C:\Users\SLIDE QA\.m2\repository\org\seleniumhq\selenium\selenium-opera-driver\3.141.59\selenium-opera-driver-3.141.59.jar;C:\Users\SLIDE QA\.m2\repository\org\seleniumhq\selenium\selenium-remote-driver\3.141.59\selenium-remote-driver-3.141.59.jar;C:\Users\SLIDE QA\.m2\repository\org\seleniumhq\selenium\selenium-safari-driver\3.141.59\selenium-safari-driver-3.141.59.jar;C:\Users\SLIDE QA\.m2\repository\org\seleniumhq\selenium\selenium-support\3.141.59\selenium-support-3.141.59.jar;C:\Users\SLIDE QA\.m2\repository\net\bytebuddy\byte-buddy\1.8.15\byte-buddy-1.8.15.jar;C:\Users\SLIDE QA\.m2\repository\org\apache\commons\commons-exec\1.3\commons-exec-1.3.jar;C:\Users\SLIDE QA\.m2\repository\com\google\guava\guava\25.0-jre\guava-25.0-jre.jar;C:\Users\SLIDE QA\.m2\repository\com\google\code\findbugs\jsr305\1.3.9\jsr305-1.3.9.jar;C:\Users\SLIDE QA\.m2\repository\org\checkerframework\checker-compat-qual\2.0.0\checker-compat-qual-2.0.0.jar;C:\Users\SLIDE QA\.m2\repository\com\google\errorprone\error_prone_annotations\2.1.3\error_prone_annotations-2.1.3.jar;C:\Users\SLIDE QA\.m2\repository\com\google\j2objc\j2objc-annotations\1.1\j2objc-annotations-1.1.jar;C:\Users\SLIDE QA\.m2\repository\org\codehaus\mojo\animal-sniffer-annotations\1.14\animal-sniffer-annotations-1.14.jar;C:\Users\SLIDE QA\.m2\repository\com\squareup\okhttp3\okhttp\3.11.0\okhttp-3.11.0.jar;C:\Users\SLIDE QA\.m2\repository\com\squareup\okio\okio\1.14.0\okio-1.14.0.jar;C:\Users\SLIDE QA\.m2\repository\io\cucumber\cucumber-java\6.10.2\cucumber-java-6.10.2.jar;C:\Users\SLIDE QA\.m2\repository\org\apiguardian\apiguardian-api\1.1.1\apiguardian-api-1.1.1.jar;C:\Users\SLIDE QA\.m2\repository\io\cucumber\cucumber-junit\6.10.2\cucumber-junit-6.10.2.jar;C:\Users\SLIDE QA\.m2\repository\io\cucumber\cucumber-core\6.10.2\cucumber-core-6.10.2.jar;C:\Users\SLIDE QA\.m2\repository\io\cucumber\cucumber-gherkin\6.10.2\cucumber-gherkin-6.10.2.jar;C:\Users\SLIDE QA\.m2\repository\io\cucumber\cucumber-gherkin-messages\6.10.2\cucumber-gherkin-messages-6.10.2.jar;C:\Users\SLIDE QA\.m2\repository\io\cucumber\messages\14.0.1\messages-14.0.1.jar;C:\Users\SLIDE QA\.m2\repository\io\cucumber\tag-expressions\3.0.0\tag-expressions-3.0.0.jar;C:\Users\SLIDE QA\.m2\repository\io\cucumber\cucumber-expressions\10.3.0\cucumber-expressions-10.3.0.jar;C:\Users\SLIDE QA\.m2\repository\io\cucumber\datatable\3.5.0\datatable-3.5.0.jar;C:\Users\SLIDE QA\.m2\repository\io\cucumber\cucumber-plugin\6.10.2\cucumber-plugin-6.10.2.jar;C:\Users\SLIDE QA\.m2\repository\io\cucumber\docstring\6.10.2\docstring-6.10.2.jar;C:\Users\SLIDE QA\.m2\repository\io\cucumber\html-formatter\12.0.0\html-formatter-12.0.0.jar;C:\Users\SLIDE QA\.m2\repository\io\cucumber\create-meta\3.0.0\create-meta-3.0.0.jar;C:\Users\SLIDE QA\.m2\repository\org\apache\commons\commons-lang3\3.12.0\commons-lang3-3.12.0.jar;C:\Users\SLIDE QA\.m2\repository\info\cukes\gherkin\2.12.2\gherkin-2.12.2.jar;C:\Users\SLIDE QA\.m2\repository\junit\junit\4.12\junit-4.12.jar;C:\Users\SLIDE QA\.m2\repository\org\hamcrest\hamcrest-core\1.3\hamcrest-core-1.3.jar;C:\Users\SLIDE QA\.m2\repository\org\apache\maven\plugins\maven-compiler-plugin\3.8.0\maven-compiler-plugin-3.8.0.jar;C:\Users\SLIDE QA\.m2\repository\org\apache\maven\maven-plugin-api\3.0\maven-plugin-api-3.0.jar;C:\Users\SLIDE QA\.m2\repository\org\apache\maven\maven-model\3.0\maven-model-3.0.jar;C:\Users\SLIDE QA\.m2\repository\org\sonatype\sisu\sisu-inject-plexus\1.4.2\sisu-inject-plexus-1.4.2.jar;C:\Users\SLIDE QA\.m2\repository\org\sonatype\sisu\sisu-inject-bean\1.4.2\sisu-inject-bean-1.4.2.jar;C:\Users\SLIDE QA\.m2\repository\org\sonatype\sisu\sisu-guice\2.1.7\sisu-guice-2.1.7-noaop.jar;C:\Users\SLIDE QA\.m2\repository\org\apache\maven\maven-artifact\3.0\maven-artifact-3.0.jar;C:\Users\SLIDE QA\.m2\repository\org\codehaus\plexus\plexus-utils\2.0.4\plexus-utils-2.0.4.jar;C:\Users\SLIDE QA\.m2\repository\org\apache\maven\maven-core\3.0\maven-core-3.0.jar;C:\Users\SLIDE QA\.m2\repository\org\apache\maven\maven-settings\3.0\maven-settings-3.0.jar;C:\Users\SLIDE QA\.m2\repository\org\apache\maven\maven-settings-builder\3.0\maven-settings-builder-3.0.jar;C:\Users\SLIDE QA\.m2\repository\org\apache\maven\maven-repository-metadata\3.0\maven-repository-metadata-3.0.jar;C:\Users\SLIDE QA\.m2\repository\org\apache\maven\maven-model-builder\3.0\maven-model-builder-3.0.jar;C:\Users\SLIDE QA\.m2\repository\org\apache\maven\maven-aether-provider\3.0\maven-aether-provider-3.0.jar;C:\Users\SLIDE QA\.m2\repository\org\sonatype\aether\aether-impl\1.7\aether-impl-1.7.jar;C:\Users\SLIDE QA\.m2\repository\org\sonatype\aether\aether-spi\1.7\aether-spi-1.7.jar;C:\Users\SLIDE QA\.m2\repository\org\sonatype\aether\aether-api\1.7\aether-api-1.7.jar;C:\Users\SLIDE QA\.m2\repository\org\sonatype\aether\aether-util\1.7\aether-util-1.7.jar;C:\Users\SLIDE QA\.m2\repository\org\codehaus\plexus\plexus-interpolation\1.14\plexus-interpolation-1.14.jar;C:\Users\SLIDE QA\.m2\repository\org\codehaus\plexus\plexus-classworlds\2.2.3\plexus-classworlds-2.2.3.jar;C:\Users\SLIDE QA\.m2\repository\org\codehaus\plexus\plexus-component-annotations\1.5.5\plexus-component-annotations-1.5.5.jar;C:\Users\SLIDE QA\.m2\repository\org\sonatype\plexus\plexus-sec-dispatcher\1.3\plexus-sec-dispatcher-1.3.jar;C:\Users\SLIDE QA\.m2\repository\org\sonatype\plexus\plexus-cipher\1.4\plexus-cipher-1.4.jar;C:\Users\SLIDE QA\.m2\repository\org\apache\maven\shared\maven-shared-utils\3.2.1\maven-shared-utils-3.2.1.jar;C:\Users\SLIDE QA\.m2\repository\commons-io\commons-io\2.5\commons-io-2.5.jar;C:\Users\SLIDE QA\.m2\repository\org\apache\maven\shared\maven-shared-incremental\1.1\maven-shared-incremental-1.1.jar;C:\Users\SLIDE QA\.m2\repository\org\codehaus\plexus\plexus-java\0.9.10\plexus-java-0.9.10.jar;C:\Users\SLIDE QA\.m2\repository\org\ow2\asm\asm\6.2\asm-6.2.jar;C:\Users\SLIDE QA\.m2\repository\com\thoughtworks\qdox\qdox\2.0-M8\qdox-2.0-M8.jar;C:\Users\SLIDE QA\.m2\repository\org\codehaus\plexus\plexus-compiler-api\2.8.4\plexus-compiler-api-2.8.4.jar;C:\Users\SLIDE QA\.m2\repository\org\codehaus\plexus\plexus-compiler-manager\2.8.4\plexus-compiler-manager-2.8.4.jar;C:\Users\SLIDE QA\.m2\repository\org\codehaus\plexus\plexus-compiler-javac\2.8.4\plexus-compiler-javac-2.8.4.jar;C:\Users\SLIDE QA\.m2\repository\log4j\log4j\1.2.17\log4j-1.2.17.jar;C:\Users\SLIDE QA\.m2\repository\io\github\bonigarcia\webdrivermanager\5.1.0\webdrivermanager-5.1.0.jar;C:\Users\SLIDE QA\.m2\repository\org\slf4j\slf4j-api\1.7.36\slf4j-api-1.7.36.jar;C:\Users\SLIDE QA\.m2\repository\com\google\code\gson\gson\2.9.0\gson-2.9.0.jar;C:\Users\SLIDE QA\.m2\repository\com\github\docker-java\docker-java\3.2.13\docker-java-3.2.13.jar;C:\Users\SLIDE QA\.m2\repository\com\github\docker-java\docker-java-core\3.2.13\docker-java-core-3.2.13.jar;C:\Users\SLIDE QA\.m2\repository\com\github\docker-java\docker-java-api\3.2.13\docker-java-api-3.2.13.jar;C:\Users\SLIDE QA\.m2\repository\com\fasterxml\jackson\core\jackson-annotations\2.10.3\jackson-annotations-2.10.3.jar;C:\Users\SLIDE QA\.m2\repository\org\apache\commons\commons-compress\1.21\commons-compress-1.21.jar;C:\Users\SLIDE QA\.m2\repository\com\fasterxml\jackson\core\jackson-databind\2.10.3\jackson-databind-2.10.3.jar;C:\Users\SLIDE QA\.m2\repository\com\fasterxml\jackson\core\jackson-core\2.10.3\jackson-core-2.10.3.jar;C:\Users\SLIDE QA\.m2\repository\org\bouncycastle\bcpkix-jdk15on\1.64\bcpkix-jdk15on-1.64.jar;C:\Users\SLIDE QA\.m2\repository\org\bouncycastle\bcprov-jdk15on\1.64\bcprov-jdk15on-1.64.jar;C:\Users\SLIDE QA\.m2\repository\org\slf4j\jcl-over-slf4j\1.7.30\jcl-over-slf4j-1.7.30.jar;C:\Users\SLIDE QA\.m2\repository\com\github\docker-java\docker-java-transport-httpclient5\3.2.13\docker-java-transport-httpclient5-3.2.13.jar;C:\Users\SLIDE QA\.m2\repository\com\github\docker-java\docker-java-transport\3.2.13\docker-java-transport-3.2.13.jar;C:\Users\SLIDE QA\.m2\repository\org\apache\httpcomponents\client5\httpclient5\5.0.3\httpclient5-5.0.3.jar;C:\Users\SLIDE QA\.m2\repository\org\apache\httpcomponents\core5\httpcore5\5.0.2\httpcore5-5.0.2.jar;C:\Users\SLIDE QA\.m2\repository\commons-codec\commons-codec\1.13\commons-codec-1.13.jar;C:\Users\SLIDE QA\.m2\repository\net\java\dev\jna\jna\5.8.0\jna-5.8.0.jar;C:\Users\SLIDE QA\.m2\repository\org\brotli\dec\0.1.2\dec-0.1.2.jar;C:\Users\SLIDE QA\.m2\repository\org\slf4j\slf4j-simple\1.7.25\slf4j-simple-1.7.25.jar;"/>
    <property name="java.vm.vendor" value="Eclipse Adoptium"/>
    <property name="sun.arch.data.model" value="64"/>
    <property name="user.variant" value=""/>
    <property name="java.vendor.url" value="https://adoptium.net/"/>
    <property name="user.timezone" value="Asia/Calcutta"/>
    <property name="os.name" value="Windows 10"/>
    <property name="java.vm.specification.version" value="17"/>
    <property name="sun.java.launcher" value="SUN_STANDARD"/>
    <property name="user.country" value="US"/>
    <property name="sun.boot.library.path" value="C:\Users\SLIDE QA\.p2\pool\plugins\org.eclipse.justj.openjdk.hotspot.jre.full.win32.x86_64_17.0.0.v20211012-1059\jre\bin"/>
    <property name="sun.java.command" value="C:\Users\SLIDE QA\AppData\Local\Temp\surefire16353738296031598682\surefirebooter10298558753124461448.jar C:\Users\SLIDE QA\AppData\Local\Temp\surefire16353738296031598682 2022-07-20T12-32-04_914-jvmRun1 surefire1810945033661881276tmp surefire_014616966304337452196tmp"/>
    <property name="jdk.debug" value="release"/>
    <property name="surefire.test.class.path" value="D:\Selenium Live Projects\slidegeeksEbooksLoginTest\target\test-classes;D:\Selenium Live Projects\slidegeeksEbooksLoginTest\target\classes;C:\Users\SLIDE QA\.m2\repository\org\seleniumhq\selenium\selenium-java\3.141.59\selenium-java-3.141.59.jar;C:\Users\SLIDE QA\.m2\repository\org\seleniumhq\selenium\selenium-api\3.141.59\selenium-api-3.141.59.jar;C:\Users\SLIDE QA\.m2\repository\org\seleniumhq\selenium\selenium-chrome-driver\3.141.59\selenium-chrome-driver-3.141.59.jar;C:\Users\SLIDE QA\.m2\repository\org\seleniumhq\selenium\selenium-edge-driver\3.141.59\selenium-edge-driver-3.141.59.jar;C:\Users\SLIDE QA\.m2\repository\org\seleniumhq\selenium\selenium-firefox-driver\3.141.59\selenium-firefox-driver-3.141.59.jar;C:\Users\SLIDE QA\.m2\repository\org\seleniumhq\selenium\selenium-ie-driver\3.141.59\selenium-ie-driver-3.141.59.jar;C:\Users\SLIDE QA\.m2\repository\org\seleniumhq\selenium\selenium-opera-driver\3.141.59\selenium-opera-driver-3.141.59.jar;C:\Users\SLIDE QA\.m2\repository\org\seleniumhq\selenium\selenium-remote-driver\3.141.59\selenium-remote-driver-3.141.59.jar;C:\Users\SLIDE QA\.m2\repository\org\seleniumhq\selenium\selenium-safari-driver\3.141.59\selenium-safari-driver-3.141.59.jar;C:\Users\SLIDE QA\.m2\repository\org\seleniumhq\selenium\selenium-support\3.141.59\selenium-support-3.141.59.jar;C:\Users\SLIDE QA\.m2\repository\net\bytebuddy\byte-buddy\1.8.15\byte-buddy-1.8.15.jar;C:\Users\SLIDE QA\.m2\repository\org\apache\commons\commons-exec\1.3\commons-exec-1.3.jar;C:\Users\SLIDE QA\.m2\repository\com\google\guava\guava\25.0-jre\guava-25.0-jre.jar;C:\Users\SLIDE QA\.m2\repository\com\google\code\findbugs\jsr305\1.3.9\jsr305-1.3.9.jar;C:\Users\SLIDE QA\.m2\repository\org\checkerframework\checker-compat-qual\2.0.0\checker-compat-qual-2.0.0.jar;C:\Users\SLIDE QA\.m2\repository\com\google\errorprone\error_prone_annotations\2.1.3\error_prone_annotations-2.1.3.jar;C:\Users\SLIDE QA\.m2\repository\com\google\j2objc\j2objc-annotations\1.1\j2objc-annotations-1.1.jar;C:\Users\SLIDE QA\.m2\repository\org\codehaus\mojo\animal-sniffer-annotations\1.14\animal-sniffer-annotations-1.14.jar;C:\Users\SLIDE QA\.m2\repository\com\squareup\okhttp3\okhttp\3.11.0\okhttp-3.11.0.jar;C:\Users\SLIDE QA\.m2\repository\com\squareup\okio\okio\1.14.0\okio-1.14.0.jar;C:\Users\SLIDE QA\.m2\repository\io\cucumber\cucumber-java\6.10.2\cucumber-java-6.10.2.jar;C:\Users\SLIDE QA\.m2\repository\org\apiguardian\apiguardian-api\1.1.1\apiguardian-api-1.1.1.jar;C:\Users\SLIDE QA\.m2\repository\io\cucumber\cucumber-junit\6.10.2\cucumber-junit-6.10.2.jar;C:\Users\SLIDE QA\.m2\repository\io\cucumber\cucumber-core\6.10.2\cucumber-core-6.10.2.jar;C:\Users\SLIDE QA\.m2\repository\io\cucumber\cucumber-gherkin\6.10.2\cucumber-gherkin-6.10.2.jar;C:\Users\SLIDE QA\.m2\repository\io\cucumber\cucumber-gherkin-messages\6.10.2\cucumber-gherkin-messages-6.10.2.jar;C:\Users\SLIDE QA\.m2\repository\io\cucumber\messages\14.0.1\messages-14.0.1.jar;C:\Users\SLIDE QA\.m2\repository\io\cucumber\tag-expressions\3.0.0\tag-expressions-3.0.0.jar;C:\Users\SLIDE QA\.m2\repository\io\cucumber\cucumber-expressions\10.3.0\cucumber-expressions-10.3.0.jar;C:\Users\SLIDE QA\.m2\repository\io\cucumber\datatable\3.5.0\datatable-3.5.0.jar;C:\Users\SLIDE QA\.m2\repository\io\cucumber\cucumber-plugin\6.10.2\cucumber-plugin-6.10.2.jar;C:\Users\SLIDE QA\.m2\repository\io\cucumber\docstring\6.10.2\docstring-6.10.2.jar;C:\Users\SLIDE QA\.m2\repository\io\cucumber\html-formatter\12.0.0\html-formatter-12.0.0.jar;C:\Users\SLIDE QA\.m2\repository\io\cucumber\create-meta\3.0.0\create-meta-3.0.0.jar;C:\Users\SLIDE QA\.m2\repository\org\apache\commons\commons-lang3\3.12.0\commons-lang3-3.12.0.jar;C:\Users\SLIDE QA\.m2\repository\info\cukes\gherkin\2.12.2\gherkin-2.12.2.jar;C:\Users\SLIDE QA\.m2\repository\junit\junit\4.12\junit-4.12.jar;C:\Users\SLIDE QA\.m2\repository\org\hamcrest\hamcrest-core\1.3\hamcrest-core-1.3.jar;C:\Users\SLIDE QA\.m2\repository\org\apache\maven\plugins\maven-compiler-plugin\3.8.0\maven-compiler-plugin-3.8.0.jar;C:\Users\SLIDE QA\.m2\repository\org\apache\maven\maven-plugin-api\3.0\maven-plugin-api-3.0.jar;C:\Users\SLIDE QA\.m2\repository\org\apache\maven\maven-model\3.0\maven-model-3.0.jar;C:\Users\SLIDE QA\.m2\repository\org\sonatype\sisu\sisu-inject-plexus\1.4.2\sisu-inject-plexus-1.4.2.jar;C:\Users\SLIDE QA\.m2\repository\org\sonatype\sisu\sisu-inject-bean\1.4.2\sisu-inject-bean-1.4.2.jar;C:\Users\SLIDE QA\.m2\repository\org\sonatype\sisu\sisu-guice\2.1.7\sisu-guice-2.1.7-noaop.jar;C:\Users\SLIDE QA\.m2\repository\org\apache\maven\maven-artifact\3.0\maven-artifact-3.0.jar;C:\Users\SLIDE QA\.m2\repository\org\codehaus\plexus\plexus-utils\2.0.4\plexus-utils-2.0.4.jar;C:\Users\SLIDE QA\.m2\repository\org\apache\maven\maven-core\3.0\maven-core-3.0.jar;C:\Users\SLIDE QA\.m2\repository\org\apache\maven\maven-settings\3.0\maven-settings-3.0.jar;C:\Users\SLIDE QA\.m2\repository\org\apache\maven\maven-settings-builder\3.0\maven-settings-builder-3.0.jar;C:\Users\SLIDE QA\.m2\repository\org\apache\maven\maven-repository-metadata\3.0\maven-repository-metadata-3.0.jar;C:\Users\SLIDE QA\.m2\repository\org\apache\maven\maven-model-builder\3.0\maven-model-builder-3.0.jar;C:\Users\SLIDE QA\.m2\repository\org\apache\maven\maven-aether-provider\3.0\maven-aether-provider-3.0.jar;C:\Users\SLIDE QA\.m2\repository\org\sonatype\aether\aether-impl\1.7\aether-impl-1.7.jar;C:\Users\SLIDE QA\.m2\repository\org\sonatype\aether\aether-spi\1.7\aether-spi-1.7.jar;C:\Users\SLIDE QA\.m2\repository\org\sonatype\aether\aether-api\1.7\aether-api-1.7.jar;C:\Users\SLIDE QA\.m2\repository\org\sonatype\aether\aether-util\1.7\aether-util-1.7.jar;C:\Users\SLIDE QA\.m2\repository\org\codehaus\plexus\plexus-interpolation\1.14\plexus-interpolation-1.14.jar;C:\Users\SLIDE QA\.m2\repository\org\codehaus\plexus\plexus-classworlds\2.2.3\plexus-classworlds-2.2.3.jar;C:\Users\SLIDE QA\.m2\repository\org\codehaus\plexus\plexus-component-annotations\1.5.5\plexus-component-annotations-1.5.5.jar;C:\Users\SLIDE QA\.m2\repository\org\sonatype\plexus\plexus-sec-dispatcher\1.3\plexus-sec-dispatcher-1.3.jar;C:\Users\SLIDE QA\.m2\repository\org\sonatype\plexus\plexus-cipher\1.4\plexus-cipher-1.4.jar;C:\Users\SLIDE QA\.m2\repository\org\apache\maven\shared\maven-shared-utils\3.2.1\maven-shared-utils-3.2.1.jar;C:\Users\SLIDE QA\.m2\repository\commons-io\commons-io\2.5\commons-io-2.5.jar;C:\Users\SLIDE QA\.m2\repository\org\apache\maven\shared\maven-shared-incremental\1.1\maven-shared-incremental-1.1.jar;C:\Users\SLIDE QA\.m2\repository\org\codehaus\plexus\plexus-java\0.9.10\plexus-java-0.9.10.jar;C:\Users\SLIDE QA\.m2\repository\org\ow2\asm\asm\6.2\asm-6.2.jar;C:\Users\SLIDE QA\.m2\repository\com\thoughtworks\qdox\qdox\2.0-M8\qdox-2.0-M8.jar;C:\Users\SLIDE QA\.m2\repository\org\codehaus\plexus\plexus-compiler-api\2.8.4\plexus-compiler-api-2.8.4.jar;C:\Users\SLIDE QA\.m2\repository\org\codehaus\plexus\plexus-compiler-manager\2.8.4\plexus-compiler-manager-2.8.4.jar;C:\Users\SLIDE QA\.m2\repository\org\codehaus\plexus\plexus-compiler-javac\2.8.4\plexus-compiler-javac-2.8.4.jar;C:\Users\SLIDE QA\.m2\repository\log4j\log4j\1.2.17\log4j-1.2.17.jar;C:\Users\SLIDE QA\.m2\repository\io\github\bonigarcia\webdrivermanager\5.1.0\webdrivermanager-5.1.0.jar;C:\Users\SLIDE QA\.m2\repository\org\slf4j\slf4j-api\1.7.36\slf4j-api-1.7.36.jar;C:\Users\SLIDE QA\.m2\repository\com\google\code\gson\gson\2.9.0\gson-2.9.0.jar;C:\Users\SLIDE QA\.m2\repository\com\github\docker-java\docker-java\3.2.13\docker-java-3.2.13.jar;C:\Users\SLIDE QA\.m2\repository\com\github\docker-java\docker-java-core\3.2.13\docker-java-core-3.2.13.jar;C:\Users\SLIDE QA\.m2\repository\com\github\docker-java\docker-java-api\3.2.13\docker-java-api-3.2.13.jar;C:\Users\SLIDE QA\.m2\repository\com\fasterxml\jackson\core\jackson-annotations\2.10.3\jackson-annotations-2.10.3.jar;C:\Users\SLIDE QA\.m2\repository\org\apache\commons\commons-compress\1.21\commons-compress-1.21.jar;C:\Users\SLIDE QA\.m2\repository\com\fasterxml\jackson\core\jackson-databind\2.10.3\jackson-databind-2.10.3.jar;C:\Users\SLIDE QA\.m2\repository\com\fasterxml\jackson\core\jackson-core\2.10.3\jackson-core-2.10.3.jar;C:\Users\SLIDE QA\.m2\repository\org\bouncycastle\bcpkix-jdk15on\1.64\bcpkix-jdk15on-1.64.jar;C:\Users\SLIDE QA\.m2\repository\org\bouncycastle\bcprov-jdk15on\1.64\bcprov-jdk15on-1.64.jar;C:\Users\SLIDE QA\.m2\repository\org\slf4j\jcl-over-slf4j\1.7.30\jcl-over-slf4j-1.7.30.jar;C:\Users\SLIDE QA\.m2\repository\com\github\docker-java\docker-java-transport-httpclient5\3.2.13\docker-java-transport-httpclient5-3.2.13.jar;C:\Users\SLIDE QA\.m2\repository\com\github\docker-java\docker-java-transport\3.2.13\docker-java-transport-3.2.13.jar;C:\Users\SLIDE QA\.m2\repository\org\apache\httpcomponents\client5\httpclient5\5.0.3\httpclient5-5.0.3.jar;C:\Users\SLIDE QA\.m2\repository\org\apache\httpcomponents\core5\httpcore5\5.0.2\httpcore5-5.0.2.jar;C:\Users\SLIDE QA\.m2\repository\commons-codec\commons-codec\1.13\commons-codec-1.13.jar;C:\Users\SLIDE QA\.m2\repository\net\java\dev\jna\jna\5.8.0\jna-5.8.0.jar;C:\Users\SLIDE QA\.m2\repository\org\brotli\dec\0.1.2\dec-0.1.2.jar;C:\Users\SLIDE QA\.m2\repository\org\slf4j\slf4j-simple\1.7.25\slf4j-simple-1.7.25.jar;"/>
    <property name="sun.cpu.endian" value="little"/>
    <property name="user.home" value="C:\Users\SLIDE QA"/>
    <property name="user.language" value="en"/>
    <property name="java.specification.vendor" value="Oracle Corporation"/>
    <property name="java.version.date" value="2021-09-14"/>
    <property name="java.home" value="C:\Users\SLIDE QA\.p2\pool\plugins\org.eclipse.justj.openjdk.hotspot.jre.full.win32.x86_64_17.0.0.v20211012-1059\jre"/>
    <property name="file.separator" value="\"/>
    <property name="basedir" value="D:\Selenium Live Projects\slidegeeksEbooksLoginTest"/>
    <property name="java.vm.compressedOopsMode" value="Zero based"/>
    <property name="line.separator" value="&#10;"/>
    <property name="java.vm.specification.vendor" value="Oracle Corporation"/>
    <property name="java.specification.name" value="Java Platform API Specification"/>
    <property name="surefire.real.class.path" value="C:\Users\SLIDE QA\AppData\Local\Temp\surefire16353738296031598682\surefirebooter10298558753124461448.jar"/>
    <property name="user.script" value=""/>
    <property name="sun.management.compiler" value="HotSpot 64-Bit Tiered Compilers"/>
    <property name="java.runtime.version" value="17+35"/>
    <property name="user.name" value="SLIDE QA"/>
    <property name="path.separator" value=";"/>
    <property name="os.version" value="10.0"/>
    <property name="java.runtime.name" value="OpenJDK Runtime Environment"/>
    <property name="file.encoding" value="Cp1252"/>
    <property name="java.vm.name" value="OpenJDK 64-Bit Server VM"/>
    <property name="java.vendor.version" value="Temurin-17+35"/>
    <property name="localRepository" value="C:\Users\SLIDE QA\.m2\repository"/>
    <property name="java.vendor.url.bug" value="https://github.com/adoptium/adoptium-support/issues"/>
    <property name="java.io.tmpdir" value="C:\Users\SLIDEQ~1\AppData\Local\Temp\"/>
    <property name="java.version" value="17"/>
    <property name="user.dir" value="D:\Selenium Live Projects\slidegeeksEbooksLoginTest"/>
    <property name="os.arch" value="amd64"/>
    <property name="java.vm.specification.name" value="Java Virtual Machine Specification"/>
    <property name="sun.os.patch.level" value=""/>
    <property name="native.encoding" value="Cp1252"/>
    <property name="java.library.path" value="C:\Users\SLIDE QA\.p2\pool\plugins\org.eclipse.justj.openjdk.hotspot.jre.full.win32.x86_64_17.0.0.v20211012-1059\jre\bin;C:\Windows\Sun\Java\bin;C:\Windows\system32;C:\Windows;C:/Users/SLIDE QA/.p2/pool/plugins/org.eclipse.justj.openjdk.hotspot.jre.full.win32.x86_64_17.0.0.v20211012-1059/jre/bin/server;C:/Users/SLIDE QA/.p2/pool/plugins/org.eclipse.justj.openjdk.hotspot.jre.full.win32.x86_64_17.0.0.v20211012-1059/jre/bin;C:\Windows\system32;C:\Windows;C:\Windows\System32\Wbem;C:\Windows\System32\WindowsPowerShell\v1.0\;C:\Windows\System32\OpenSSH\;C:\Program Files\apache-maven-3.8.3\bin;C:\Program Files\Java\jdk1.8.0_291\bin;C:\Program Files\Java\jre1.8.0_291\bin;C:\Program Files\Git\cmd;C:\Program Files\dotnet\;C:\Users\SLIDE QA\AppData\Local\Microsoft\WindowsApps;;C:\Users\SLIDE QA\Desktop;;."/>
    <property name="java.vm.info" value="mixed mode"/>
    <property name="java.vendor" value="Eclipse Adoptium"/>
    <property name="java.vm.version" value="17+35"/>
    <property name="sun.io.unicode.encoding" value="UnicodeLittle"/>
    <property name="java.class.version" value="61.0"/>
  </properties>
  <testcase name="Ebooks Login test via faceboook" classname="Ebooks Login test via faceboook" time="149.779">
    <error message="Expected condition failed: waiting for element to be clickable: By.linkText: LOGOUT (tried for 30 second(s) with 500 milliseconds interval)" type="org.openqa.selenium.TimeoutException"><![CDATA[org.openqa.selenium.TimeoutException: Expected condition failed: waiting for element to be clickable: By.linkText: LOGOUT (tried for 30 second(s) with 500 milliseconds interval)
Caused by: org.openqa.selenium.NoSuchElementException: 
Unable to locate element: LOGOUT
For documentation on this error, please visit: https://www.seleniumhq.org/exceptions/no_such_element.html
Build info: version: '3.141.59', revision: 'e82be7d358', time: '2018-11-14T08:17:03'
System info: host: 'SLIDEQA2', ip: '192.168.43.28', os.name: 'Windows 10', os.arch: 'amd64', os.version: '10.0', java.version: '17'
Driver info: org.openqa.selenium.firefox.FirefoxDriver
Capabilities {acceptInsecureCerts: true, browserName: firefox, browserVersion: 102.0.1, javascriptEnabled: true, moz:accessibilityChecks: false, moz:buildID: 20220705093820, moz:geckodriverVersion: 0.31.0, moz:headless: false, moz:processID: 24140, moz:profile: C:\Users\SLIDEQ~1\AppData\L..., moz:shutdownTimeout: 60000, moz:useNonSpecCompliantPointerOrigin: false, moz:webdriverClick: true, moz:windowless: false, pageLoadStrategy: normal, platform: WINDOWS, platformName: WINDOWS, platformVersion: 10.0, proxy: Proxy(), setWindowRect: true, strictFileInteractability: false, timeouts: {implicit: 0, pageLoad: 300000, script: 30000}, unhandledPromptBehavior: dismiss and notify}
Session ID: 25ae7b6e-130c-4195-b080-b806644004f6
*** Element info: {Using=link text, value=LOGOUT}
]]></error>
    <system-out><![CDATA[Bname=====https://www.slidegeeks.com/

@Ebooksfacebook
Scenario: Ebooks Login test via faceboook         &amp#27;[90m# src/test/java/features/FacebookLogin.feature:4&amp#27;[0m
  &amp#27;[32mGiven &amp#27;[0m&amp#27;[32mGo to the Home page&amp#27;[0m                       &amp#27;[90m# stepDefination.FacebookLogin.go_to_the_Home_page()&amp#27;[0m
  &amp#27;[32mThen &amp#27;[0m&amp#27;[32mClick on ebook button&amp#27;[0m                      &amp#27;[90m# stepDefination.FacebookLogin.click_on_ebook_button()&amp#27;[0m
  &amp#27;[32mThen &amp#27;[0m&amp#27;[32mClick on Buynow option&amp#27;[0m                     &amp#27;[90m# stepDefination.FacebookLogin.click_on_Buynow_option()&amp#27;[0m
  &amp#27;[32mThen &amp#27;[0m&amp#27;[32mClick on facebook option&amp#27;[0m                   &amp#27;[90m# stepDefination.FacebookLogin.click_on_facebook_option()&amp#27;[0m
  &amp#27;[32mThen &amp#27;[0m&amp#27;[32mEnter valid credentials&amp#27;[0m                    &amp#27;[90m# stepDefination.FacebookLogin.enter_valid_credentials()&amp#27;[0m
  &amp#27;[32mThen &amp#27;[0m&amp#27;[32mVerify that user is successfully logged in&amp#27;[0m &amp#27;[90m# stepDefination.FacebookLogin.verify_that_user_is_successfully_logged_in()&amp#27;[0m
  &amp#27;[32mThen &amp#27;[0m&amp#27;[32mDownload the selected ebbok&amp#27;[0m                &amp#27;[90m# stepDefination.FacebookLogin.download_the_selected_ebbok()&amp#27;[0m
  &amp#27;[31mThen &amp#27;[0m&amp#27;[31mLogout from the application&amp#27;[0m                &amp#27;[90m# stepDefination.FacebookLogin.logout_from_the_application()&amp#27;[0m
      &amp#27;[31morg.openqa.selenium.TimeoutException: Expected condition failed: waiting for element to be clickable: By.linkText: LOGOUT (tried for 30 second(s) with 500 milliseconds interval)
	at org.openqa.selenium.support.ui.WebDriverWait.timeoutException(WebDriverWait.java:95)
	at org.openqa.selenium.support.ui.FluentWait.until(FluentWait.java:272)
	at stepDefination.FacebookLogin.logout_from_the_application(FacebookLogin.java:147)
	at âœ½.Logout from the application(file:///D:/Selenium%20Live%20Projects/slidegeeksEbooksLoginTest/./src/test/java/features/FacebookLogin.feature:12)
Caused by: org.openqa.selenium.NoSuchElementException: Unable to locate element: LOGOUT
For documentation on this error, please visit: https://www.seleniumhq.org/exceptions/no_such_element.html
Build info: version: '3.141.59', revision: 'e82be7d358', time: '2018-11-14T08:17:03'
System info: host: 'SLIDEQA2', ip: '192.168.43.28', os.name: 'Windows 10', os.arch: 'amd64', os.version: '10.0', java.version: '17'
Driver info: org.openqa.selenium.firefox.FirefoxDriver
Capabilities {acceptInsecureCerts: true, browserName: firefox, browserVersion: 102.0.1, javascriptEnabled: true, moz:accessibilityChecks: false, moz:buildID: 20220705093820, moz:geckodriverVersion: 0.31.0, moz:headless: false, moz:processID: 24140, moz:profile: C:\Users\SLIDEQ~1\AppData\L..., moz:shutdownTimeout: 60000, moz:useNonSpecCompliantPointerOrigin: false, moz:webdriverClick: true, moz:windowless: false, pageLoadStrategy: normal, platform: WINDOWS, platformName: WINDOWS, platformVersion: 10.0, proxy: Proxy(), setWindowRect: true, strictFileInteractability: false, timeouts: {implicit: 0, pageLoad: 300000, script: 30000}, unhandledPromptBehavior: dismiss and notify}
Session ID: 25ae7b6e-130c-4195-b080-b806644004f6
*** Element info: {Using=link text, value=LOGOUT}
	at java.base/jdk.internal.reflect.NativeConstructorAccessorImpl.newInstance0(Native Method)
	at java.base/jdk.internal.reflect.NativeConstructorAccessorImpl.newInstance(NativeConstructorAccessorImpl.java:77)
	at java.base/jdk.internal.reflect.DelegatingConstructorAccessorImpl.newInstance(DelegatingConstructorAccessorImpl.java:45)
	at java.base/java.lang.reflect.Constructor.newInstanceWithCaller(Constructor.java:499)
	at java.base/java.lang.reflect.Constructor.newInstance(Constructor.java:480)
	at org.openqa.selenium.remote.http.W3CHttpResponseCodec.createException(W3CHttpResponseCodec.java:187)
	at org.openqa.selenium.remote.http.W3CHttpResponseCodec.decode(W3CHttpResponseCodec.java:122)
	at org.openqa.selenium.remote.http.W3CHttpResponseCodec.decode(W3CHttpResponseCodec.java:49)
	at org.openqa.selenium.remote.HttpCommandExecutor.execute(HttpCommandExecutor.java:158)
	at org.openqa.selenium.remote.service.DriverCommandExecutor.execute(DriverCommandExecutor.java:83)
	at org.openqa.selenium.remote.RemoteWebDriver.execute(RemoteWebDriver.java:552)
	at org.openqa.selenium.remote.RemoteWebDriver.findElement(RemoteWebDriver.java:323)
	at org.openqa.selenium.remote.RemoteWebDriver.findElementByLinkText(RemoteWebDriver.java:380)
	at org.openqa.selenium.By$ByLinkText.findElement(By.java:220)
	at org.openqa.selenium.remote.RemoteWebDriver.findElement(RemoteWebDriver.java:315)
	at org.openqa.selenium.support.ui.ExpectedConditions$7.apply(ExpectedConditions.java:205)
	at org.openqa.selenium.support.ui.ExpectedConditions$7.apply(ExpectedConditions.java:201)
	at org.openqa.selenium.support.ui.ExpectedConditions$22.apply(ExpectedConditions.java:641)
	at org.openqa.selenium.support.ui.ExpectedConditions$22.apply(ExpectedConditions.java:638)
	at org.openqa.selenium.support.ui.FluentWait.until(FluentWait.java:249)
	at stepDefination.FacebookLogin.logout_from_the_application(FacebookLogin.java:147)
	at java.base/jdk.internal.reflect.NativeMethodAccessorImpl.invoke0(Native Method)
	at java.base/jdk.internal.reflect.NativeMethodAccessorImpl.invoke(NativeMethodAccessorImpl.java:77)
	at java.base/jdk.internal.reflect.DelegatingMethodAccessorImpl.invoke(DelegatingMethodAccessorImpl.java:43)
	at java.base/java.lang.reflect.Method.invoke(Method.java:568)
	at io.cucumber.java.Invoker.doInvoke(Invoker.java:66)
	at io.cucumber.java.Invoker.invoke(Invoker.java:24)
	at io.cucumber.java.AbstractGlueDefinition.invokeMethod(AbstractGlueDefinition.java:47)
	at io.cucumber.java.JavaStepDefinition.execute(JavaStepDefinition.java:29)
	at io.cucumber.core.runner.CoreStepDefinition.execute(CoreStepDefinition.java:66)
	at io.cucumber.core.runner.PickleStepDefinitionMatch.runStep(PickleStepDefinitionMatch.java:63)
	at io.cucumber.core.runner.ExecutionMode$1.execute(ExecutionMode.java:10)
	at io.cucumber.core.runner.TestStep.executeStep(TestStep.java:92)
	at io.cucumber.core.runner.TestStep.run(TestStep.java:64)
	at io.cucumber.core.runner.PickleStepTestStep.run(PickleStepTestStep.java:51)
	at io.cucumber.core.runner.TestCase.run(TestCase.java:104)
	at io.cucumber.core.runner.Runner.runPickle(Runner.java:73)
	at io.cucumber.junit.PickleRunners$NoStepDescriptions.run(PickleRunners.java:151)
	at io.cucumber.junit.FeatureRunner.runChild(FeatureRunner.java:135)
	at io.cucumber.junit.FeatureRunner.runChild(FeatureRunner.java:27)
	at org.junit.runners.ParentRunner$3.run(ParentRunner.java:290)
	at org.junit.runners.ParentRunner$1.schedule(ParentRunner.java:71)
	at org.junit.runners.ParentRunner.runChildren(ParentRunner.java:288)
	at org.junit.runners.ParentRunner.access$000(ParentRunner.java:58)
	at org.junit.runners.ParentRunner$2.evaluate(ParentRunner.java:268)
	at org.junit.runners.ParentRunner.run(ParentRunner.java:363)
	at io.cucumber.junit.Cucumber.runChild(Cucumber.java:200)
	at io.cucumber.junit.Cucumber.runChild(Cucumber.java:90)
	at org.junit.runners.ParentRunner$3.run(ParentRunner.java:290)
	at org.junit.runners.ParentRunner$1.schedule(ParentRunner.java:71)
	at org.junit.runners.ParentRunner.runChildren(ParentRunner.java:288)
	at org.junit.runners.ParentRunner.access$000(ParentRunner.java:58)
	at org.junit.runners.ParentRunner$2.evaluate(ParentRunner.java:268)
	at io.cucumber.junit.Cucumber$RunCucumber.evaluate(Cucumber.java:235)
	at org.junit.internal.runners.statements.RunBefores.evaluate(RunBefores.java:26)
	at org.junit.internal.runners.statements.RunAfters.evaluate(RunAfters.java:27)
	at org.junit.runners.ParentRunner.run(ParentRunner.java:363)
	at org.apache.maven.surefire.junit4.JUnit4Provider.execute(JUnit4Provider.java:364)
	at org.apache.maven.surefire.junit4.JUnit4Provider.executeWithRerun(JUnit4Provider.java:272)
	at org.apache.maven.surefire.junit4.JUnit4Provider.executeTestSet(JUnit4Provider.java:237)
	at org.apache.maven.surefire.junit4.JUnit4Provider.invoke(JUnit4Provider.java:158)
	at org.apache.maven.surefire.booter.ForkedBooter.runSuitesInProcess(ForkedBooter.java:428)
	at org.apache.maven.surefire.booter.ForkedBooter.execute(ForkedBooter.java:162)
	at org.apache.maven.surefire.booter.ForkedBooter.run(ForkedBooter.java:562)
	at org.apache.maven.surefire.booter.ForkedBooter.main(ForkedBooter.java:548)
&amp#27;[0m

    Embedding screenshotName [image/png 372734 bytes]

]]></system-out>
    <system-err><![CDATA[Jul 20, 2022 12:32:10 PM io.cucumber.core.runtime.FeaturePathFeatureSupplier$FeatureBuilder addUnique
SEVERE: Duplicate feature found: file:///D:/Selenium%20Live%20Projects/slidegeeksEbooksLoginTest/./target/test-classes/features/FacebookLogin.feature was identical to file:///D:/Selenium%20Live%20Projects/slidegeeksEbooksLoginTest/./src/test/java/features/FacebookLogin.feature

This typically happens when you configure cucumber to look for features in the root of your project.
Your build tool creates a copy of these features in a 'target' or 'build'directory.

If your features are on the class path consider using a class path URI.
For example: 'classpath:com/example/app.feature'
Otherwise you'll have to provide a more specific location
Jul 20, 2022 12:32:10 PM io.cucumber.core.runtime.FeaturePathFeatureSupplier$FeatureBuilder addUnique
SEVERE: Duplicate feature found: file:///D:/Selenium%20Live%20Projects/slidegeeksEbooksLoginTest/./target/test-classes/features/FreeLogin.feature was identical to file:///D:/Selenium%20Live%20Projects/slidegeeksEbooksLoginTest/./src/test/java/features/FreeLogin.feature

This typically happens when you configure cucumber to look for features in the root of your project.
Your build tool creates a copy of these features in a 'target' or 'build'directory.

If your features are on the class path consider using a class path URI.
For example: 'classpath:com/example/app.feature'
Otherwise you'll have to provide a more specific location
Jul 20, 2022 12:32:10 PM io.cucumber.core.runtime.FeaturePathFeatureSupplier$FeatureBuilder addUnique
SEVERE: Duplicate feature found: file:///D:/Selenium%20Live%20Projects/slidegeeksEbooksLoginTest/./target/test-classes/features/GoogleLogin.feature was identical to file:///D:/Selenium%20Live%20Projects/slidegeeksEbooksLoginTest/./src/test/java/features/GoogleLogin.feature

This typically happens when you configure cucumber to look for features in the root of your project.
Your build tool creates a copy of these features in a 'target' or 'build'directory.

If your features are on the class path consider using a class path URI.
For example: 'classpath:com/example/app.feature'
Otherwise you'll have to provide a more specific location
Jul 20, 2022 12:32:10 PM io.cucumber.core.runtime.FeaturePathFeatureSupplier$FeatureBuilder addUnique
SEVERE: Duplicate feature found: file:///D:/Selenium%20Live%20Projects/slidegeeksEbooksLoginTest/./target/test-classes/features/PaidLogin.feature was identical to file:///D:/Selenium%20Live%20Projects/slidegeeksEbooksLoginTest/./src/test/java/features/PaidLogin.feature

This typically happens when you configure cucumber to look for features in the root of your project.
Your build tool creates a copy of these features in a 'target' or 'build'directory.

If your features are on the class path consider using a class path URI.
For example: 'classpath:com/example/app.feature'
Otherwise you'll have to provide a more specific location
Jul 20, 2022 12:32:10 PM io.cucumber.core.runtime.FeaturePathFeatureSupplier$FeatureBuilder addUnique
SEVERE: Duplicate feature found: file:///D:/Selenium%20Live%20Projects/slidegeeksEbooksLoginTest/./target/test-classes/features/PaypalCheckout.feature was identical to file:///D:/Selenium%20Live%20Projects/slidegeeksEbooksLoginTest/./src/test/java/features/PaypalCheckout.feature

This typically happens when you configure cucumber to look for features in the root of your project.
Your build tool creates a copy of these features in a 'target' or 'build'directory.

If your features are on the class path consider using a class path URI.
For example: 'classpath:com/example/app.feature'
Otherwise you'll have to provide a more specific location
Jul 20, 2022 12:32:10 PM io.cucumber.core.runtime.FeaturePathFeatureSupplier$FeatureBuilder addUnique
SEVERE: Duplicate feature found: file:///D:/Selenium%20Live%20Projects/slidegeeksEbooksLoginTest/./target/test-classes/features/stripecheckout.feature was identical to file:///D:/Selenium%20Live%20Projects/slidegeeksEbooksLoginTest/./src/test/java/features/stripecheckout.feature

This typically happens when you configure cucumber to look for features in the root of your project.
Your build tool creates a copy of these features in a 'target' or 'build'directory.

If your features are on the class path consider using a class path URI.
For example: 'classpath:com/example/app.feature'
Otherwise you'll have to provide a more specific location
[main] INFO io.github.bonigarcia.wdm.WebDriverManager - Reading https://api.github.com/repos/mozilla/geckodriver/releases to seek geckodriver
[main] INFO io.github.bonigarcia.wdm.WebDriverManager - Exporting webdriver.gecko.driver as C:\Users\SLIDE QA\.cache\selenium\geckodriver\win64\0.31.0\geckodriver.exe
1658300532586	geckodriver	INFO	Listening on 127.0.0.1:41303
1658300532783	mozrunner::runner	INFO	Running command: "C:\\Program Files\\Mozilla Firefox\\firefox.exe" "--marionette" "-no-remote" "-profile" "C:\\Users\\SLIDEQ~1\\AppData\\Local\\Temp\\rust_mozprofile2X7jZm"
1658300533035	Marionette	INFO	Marionette enabled
1658300533040	Marionette	INFO	Listening on port 58186
Read port: 58186
1658300533239	RemoteAgent	WARN	TLS certificate errors will be ignored for this session
console.warn: SearchSettings: "get: No settings file exists, new profile?" (new NotFoundError("Could not open the file at C:\\Users\\SLIDEQ~1\\AppData\\Local\\Temp\\rust_mozprofile2X7jZm\\search.json.mozlz4", (void 0)))
Jul 20, 2022 12:32:14 PM org.openqa.selenium.remote.ProtocolHandshake createSession
INFO: Detected dialect: W3C
JavaScript warning: https://static.xx.fbcdn.net/rsrc.php/v3iX3c4/yY/l/en_GB/WJP8bzQFY5_.js?_nc_x=Ij3Wp8lg5Kz, line 16: WEBGL_debug_renderer_info is deprecated in Firefox and will be removed. Please use RENDERER.
JavaScript error: https://www.facebook.com/, line 10: ReferenceError: requireLazy is not defined
JavaScript error: https://www.facebook.com/, line 10: ReferenceError: requireLazy is not defined
JavaScript error: https://www.facebook.com/, line 11: ReferenceError: requireLazy is not defined
JavaScript error: https://www.facebook.com/, line 12: ReferenceError: requireLazy is not defined
JavaScript error: https://www.facebook.com/, line 13: ReferenceError: requireLazy is not defined
JavaScript error: https://www.facebook.com/, line 26: ReferenceError: requireLazy is not defined
JavaScript error: https://www.facebook.com/, line 27: ReferenceError: requireLazy is not defined
JavaScript error: https://www.facebook.com/, line 28: ReferenceError: requireLazy is not defined
JavaScript error: https://www.facebook.com/, line 29: ReferenceError: requireLazy is not defined
JavaScript error: https://www.facebook.com/, line 29: ReferenceError: requireLazy is not defined
JavaScript error: https://www.facebook.com/, line 30: ReferenceError: requireLazy is not defined
JavaScript warning: https://code.jquery.com/jquery-2.0.0.min.js, line 2: Using //@ to indicate sourceMappingURL pragmas is deprecated. Use //# instead
JavaScript warning: https://code.jquery.com/jquery-2.0.0.min.js, line 2: Using //@ to indicate sourceMappingURL pragmas is deprecated. Use //# instead
JavaScript error: https://www.facebook.com/login.php?skip_api_login=1&api_key=125230861534185&kid_directed_site=0&app_id=125230861534185&signed_next=1&next=https%3A%2F%2Fwww.facebook.com%2Fdialog%2Foauth%3Fapp_id%3D125230861534185%26cbt%3D1658300576140%26channel_url%3Dhttps%253A%252F%252Fstaticxx.facebook.com%252Fx%252Fconnect%252Fxd_arbiter%252F%253Fversion%253D46%2523cb%253Df2c799db9955e74%2526domain%253Dwww.slidegeeks.com%2526is_canvas%253Dfalse%2526origin%253Dhttps%25253A%25252F%25252Fwww.slidegeeks.com%25252Ff3f4c215768af26%2526relation%253Dopener%26client_id%3D125230861534185%26display%3Dpopup%26domain%3Dwww.slidegeeks.com%26e2e%3D%257B%257D%26fallback_redirect_uri%3Dhttps%253A%252F%252Fwww.slidegeeks.com%252Febooks%26locale%3Den_US%26logger_id%3Df3ac129f1213f5a%26origin%3D1%26redirect_uri%3Dhttps%253A%252F%252Fstaticxx.facebook.com%252Fx%252Fconnect%252Fxd_arbiter%252F%253Fversion%253D46%2523cb%253Df6db64d4963e8e%2526domain%253Dwww.slidegeeks.com%2526is_canvas%253Dfalse%2526origin%253Dhttps%25253A%25252F%25252Fwww.slidegeeks.com%25252Ff3f4c215768af26%2526relation%253Dopener%2526frame%253Df3cfb2e8e153f4%26response_type%3Dtoken%252Csigned_request%252Cgraph_domain%26return_scopes%3Dtrue%26scope%3Demail%252Cpublic_profile%26sdk%3Djoey%26ret%3Dlogin%26fbapp_pres%3D0%26tp%3Dunspecified&cancel_url=https%3A%2F%2Fstaticxx.facebook.com%2Fx%2Fconnect%2Fxd_arbiter%2F%3Fversion%3D46%23cb%3Df6db64d4963e8e%26domain%3Dwww.slidegeeks.com%26is_canvas%3Dfalse%26origin%3Dhttps%253A%252F%252Fwww.slidegeeks.com%252Ff3f4c215768af26%26relation%3Dopener%26frame%3Df3cfb2e8e153f4%26error%3Daccess_denied%26error_code%3D200%26error_description%3DPermissions%2Berror%26error_reason%3Duser_denied&display=popup&locale=en_GB&pl_dbl=0, line 12: ReferenceError: requireLazy is not defined
JavaScript error: https://www.facebook.com/login.php?skip_api_login=1&api_key=125230861534185&kid_directed_site=0&app_id=125230861534185&signed_next=1&next=https%3A%2F%2Fwww.facebook.com%2Fdialog%2Foauth%3Fapp_id%3D125230861534185%26cbt%3D1658300576140%26channel_url%3Dhttps%253A%252F%252Fstaticxx.facebook.com%252Fx%252Fconnect%252Fxd_arbiter%252F%253Fversion%253D46%2523cb%253Df2c799db9955e74%2526domain%253Dwww.slidegeeks.com%2526is_canvas%253Dfalse%2526origin%253Dhttps%25253A%25252F%25252Fwww.slidegeeks.com%25252Ff3f4c215768af26%2526relation%253Dopener%26client_id%3D125230861534185%26display%3Dpopup%26domain%3Dwww.slidegeeks.com%26e2e%3D%257B%257D%26fallback_redirect_uri%3Dhttps%253A%252F%252Fwww.slidegeeks.com%252Febooks%26locale%3Den_US%26logger_id%3Df3ac129f1213f5a%26origin%3D1%26redirect_uri%3Dhttps%253A%252F%252Fstaticxx.facebook.com%252Fx%252Fconnect%252Fxd_arbiter%252F%253Fversion%253D46%2523cb%253Df6db64d4963e8e%2526domain%253Dwww.slidegeeks.com%2526is_canvas%253Dfalse%2526origin%253Dhttps%25253A%25252F%25252Fwww.slidegeeks.com%25252Ff3f4c215768af26%2526relation%253Dopener%2526frame%253Df3cfb2e8e153f4%26response_type%3Dtoken%252Csigned_request%252Cgraph_domain%26return_scopes%3Dtrue%26scope%3Demail%252Cpublic_profile%26sdk%3Djoey%26ret%3Dlogin%26fbapp_pres%3D0%26tp%3Dunspecified&cancel_url=https%3A%2F%2Fstaticxx.facebook.com%2Fx%2Fconnect%2Fxd_arbiter%2F%3Fversion%3D46%23cb%3Df6db64d4963e8e%26domain%3Dwww.slidegeeks.com%26is_canvas%3Dfalse%26origin%3Dhttps%253A%252F%252Fwww.slidegeeks.com%252Ff3f4c215768af26%26relation%3Dopener%26frame%3Df3cfb2e8e153f4%26error%3Daccess_denied%26error_code%3D200%26error_description%3DPermissions%2Berror%26error_reason%3Duser_denied&display=popup&locale=en_GB&pl_dbl=0, line 12: ReferenceError: requireLazy is not defined
JavaScript error: https://www.facebook.com/login.php?skip_api_login=1&api_key=125230861534185&kid_directed_site=0&app_id=125230861534185&signed_next=1&next=https%3A%2F%2Fwww.facebook.com%2Fdialog%2Foauth%3Fapp_id%3D125230861534185%26cbt%3D1658300576140%26channel_url%3Dhttps%253A%252F%252Fstaticxx.facebook.com%252Fx%252Fconnect%252Fxd_arbiter%252F%253Fversion%253D46%2523cb%253Df2c799db9955e74%2526domain%253Dwww.slidegeeks.com%2526is_canvas%253Dfalse%2526origin%253Dhttps%25253A%25252F%25252Fwww.slidegeeks.com%25252Ff3f4c215768af26%2526relation%253Dopener%26client_id%3D125230861534185%26display%3Dpopup%26domain%3Dwww.slidegeeks.com%26e2e%3D%257B%257D%26fallback_redirect_uri%3Dhttps%253A%252F%252Fwww.slidegeeks.com%252Febooks%26locale%3Den_US%26logger_id%3Df3ac129f1213f5a%26origin%3D1%26redirect_uri%3Dhttps%253A%252F%252Fstaticxx.facebook.com%252Fx%252Fconnect%252Fxd_arbiter%252F%253Fversion%253D46%2523cb%253Df6db64d4963e8e%2526domain%253Dwww.slidegeeks.com%2526is_canvas%253Dfalse%2526origin%253Dhttps%25253A%25252F%25252Fwww.slidegeeks.com%25252Ff3f4c215768af26%2526relation%253Dopener%2526frame%253Df3cfb2e8e153f4%26response_type%3Dtoken%252Csigned_request%252Cgraph_domain%26return_scopes%3Dtrue%26scope%3Demail%252Cpublic_profile%26sdk%3Djoey%26ret%3Dlogin%26fbapp_pres%3D0%26tp%3Dunspecified&cancel_url=https%3A%2F%2Fstaticxx.facebook.com%2Fx%2Fconnect%2Fxd_arbiter%2F%3Fversion%3D46%23cb%3Df6db64d4963e8e%26domain%3Dwww.slidegeeks.com%26is_canvas%3Dfalse%26origin%3Dhttps%253A%252F%252Fwww.slidegeeks.com%252Ff3f4c215768af26%26relation%3Dopener%26frame%3Df3cfb2e8e153f4%26error%3Daccess_denied%26error_code%3D200%26error_description%3DPermissions%2Berror%26error_reason%3Duser_denied&display=popup&locale=en_GB&pl_dbl=0, line 13: ReferenceError: requireLazy is not defined
JavaScript error: https://www.facebook.com/login.php?skip_api_login=1&api_key=125230861534185&kid_directed_site=0&app_id=125230861534185&signed_next=1&next=https%3A%2F%2Fwww.facebook.com%2Fdialog%2Foauth%3Fapp_id%3D125230861534185%26cbt%3D1658300576140%26channel_url%3Dhttps%253A%252F%252Fstaticxx.facebook.com%252Fx%252Fconnect%252Fxd_arbiter%252F%253Fversion%253D46%2523cb%253Df2c799db9955e74%2526domain%253Dwww.slidegeeks.com%2526is_canvas%253Dfalse%2526origin%253Dhttps%25253A%25252F%25252Fwww.slidegeeks.com%25252Ff3f4c215768af26%2526relation%253Dopener%26client_id%3D125230861534185%26display%3Dpopup%26domain%3Dwww.slidegeeks.com%26e2e%3D%257B%257D%26fallback_redirect_uri%3Dhttps%253A%252F%252Fwww.slidegeeks.com%252Febooks%26locale%3Den_US%26logger_id%3Df3ac129f1213f5a%26origin%3D1%26redirect_uri%3Dhttps%253A%252F%252Fstaticxx.facebook.com%252Fx%252Fconnect%252Fxd_arbiter%252F%253Fversion%253D46%2523cb%253Df6db64d4963e8e%2526domain%253Dwww.slidegeeks.com%2526is_canvas%253Dfalse%2526origin%253Dhttps%25253A%25252F%25252Fwww.slidegeeks.com%25252Ff3f4c215768af26%2526relation%253Dopener%2526frame%253Df3cfb2e8e153f4%26response_type%3Dtoken%252Csigned_request%252Cgraph_domain%26return_scopes%3Dtrue%26scope%3Demail%252Cpublic_profile%26sdk%3Djoey%26ret%3Dlogin%26fbapp_pres%3D0%26tp%3Dunspecified&cancel_url=https%3A%2F%2Fstaticxx.facebook.com%2Fx%2Fconnect%2Fxd_arbiter%2F%3Fversion%3D46%23cb%3Df6db64d4963e8e%26domain%3Dwww.slidegeeks.com%26is_canvas%3Dfalse%26origin%3Dhttps%253A%252F%252Fwww.slidegeeks.com%252Ff3f4c215768af26%26relation%3Dopener%26frame%3Df3cfb2e8e153f4%26error%3Daccess_denied%26error_code%3D200%26error_description%3DPermissions%2Berror%26error_reason%3Duser_denied&display=popup&locale=en_GB&pl_dbl=0, line 14: ReferenceError: requireLazy is not defined
JavaScript error: https://www.facebook.com/login.php?skip_api_login=1&api_key=125230861534185&kid_directed_site=0&app_id=125230861534185&signed_next=1&next=https%3A%2F%2Fwww.facebook.com%2Fdialog%2Foauth%3Fapp_id%3D125230861534185%26cbt%3D1658300576140%26channel_url%3Dhttps%253A%252F%252Fstaticxx.facebook.com%252Fx%252Fconnect%252Fxd_arbiter%252F%253Fversion%253D46%2523cb%253Df2c799db9955e74%2526domain%253Dwww.slidegeeks.com%2526is_canvas%253Dfalse%2526origin%253Dhttps%25253A%25252F%25252Fwww.slidegeeks.com%25252Ff3f4c215768af26%2526relation%253Dopener%26client_id%3D125230861534185%26display%3Dpopup%26domain%3Dwww.slidegeeks.com%26e2e%3D%257B%257D%26fallback_redirect_uri%3Dhttps%253A%252F%252Fwww.slidegeeks.com%252Febooks%26locale%3Den_US%26logger_id%3Df3ac129f1213f5a%26origin%3D1%26redirect_uri%3Dhttps%253A%252F%252Fstaticxx.facebook.com%252Fx%252Fconnect%252Fxd_arbiter%252F%253Fversion%253D46%2523cb%253Df6db64d4963e8e%2526domain%253Dwww.slidegeeks.com%2526is_canvas%253Dfalse%2526origin%253Dhttps%25253A%25252F%25252Fwww.slidegeeks.com%25252Ff3f4c215768af26%2526relation%253Dopener%2526frame%253Df3cfb2e8e153f4%26response_type%3Dtoken%252Csigned_request%252Cgraph_domain%26return_scopes%3Dtrue%26scope%3Demail%252Cpublic_profile%26sdk%3Djoey%26ret%3Dlogin%26fbapp_pres%3D0%26tp%3Dunspecified&cancel_url=https%3A%2F%2Fstaticxx.facebook.com%2Fx%2Fconnect%2Fxd_arbiter%2F%3Fversion%3D46%23cb%3Df6db64d4963e8e%26domain%3Dwww.slidegeeks.com%26is_canvas%3Dfalse%26origin%3Dhttps%253A%252F%252Fwww.slidegeeks.com%252Ff3f4c215768af26%26relation%3Dopener%26frame%3Df3cfb2e8e153f4%26error%3Daccess_denied%26error_code%3D200%26error_description%3DPermissions%2Berror%26error_reason%3Duser_denied&display=popup&locale=en_GB&pl_dbl=0, line 15: ReferenceError: requireLazy is not defined
JavaScript error: https://www.facebook.com/login.php?skip_api_login=1&api_key=125230861534185&kid_directed_site=0&app_id=125230861534185&signed_next=1&next=https%3A%2F%2Fwww.facebook.com%2Fdialog%2Foauth%3Fapp_id%3D125230861534185%26cbt%3D1658300576140%26channel_url%3Dhttps%253A%252F%252Fstaticxx.facebook.com%252Fx%252Fconnect%252Fxd_arbiter%252F%253Fversion%253D46%2523cb%253Df2c799db9955e74%2526domain%253Dwww.slidegeeks.com%2526is_canvas%253Dfalse%2526origin%253Dhttps%25253A%25252F%25252Fwww.slidegeeks.com%25252Ff3f4c215768af26%2526relation%253Dopener%26client_id%3D125230861534185%26display%3Dpopup%26domain%3Dwww.slidegeeks.com%26e2e%3D%257B%257D%26fallback_redirect_uri%3Dhttps%253A%252F%252Fwww.slidegeeks.com%252Febooks%26locale%3Den_US%26logger_id%3Df3ac129f1213f5a%26origin%3D1%26redirect_uri%3Dhttps%253A%252F%252Fstaticxx.facebook.com%252Fx%252Fconnect%252Fxd_arbiter%252F%253Fversion%253D46%2523cb%253Df6db64d4963e8e%2526domain%253Dwww.slidegeeks.com%2526is_canvas%253Dfalse%2526origin%253Dhttps%25253A%25252F%25252Fwww.slidegeeks.com%25252Ff3f4c215768af26%2526relation%253Dopener%2526frame%253Df3cfb2e8e153f4%26response_type%3Dtoken%252Csigned_request%252Cgraph_domain%26return_scopes%3Dtrue%26scope%3Demail%252Cpublic_profile%26sdk%3Djoey%26ret%3Dlogin%26fbapp_pres%3D0%26tp%3Dunspecified&cancel_url=https%3A%2F%2Fstaticxx.facebook.com%2Fx%2Fconnect%2Fxd_arbiter%2F%3Fversion%3D46%23cb%3Df6db64d4963e8e%26domain%3Dwww.slidegeeks.com%26is_canvas%3Dfalse%26origin%3Dhttps%253A%252F%252Fwww.slidegeeks.com%252Ff3f4c215768af26%26relation%3Dopener%26frame%3Df3cfb2e8e153f4%26error%3Daccess_denied%26error_code%3D200%26error_description%3DPermissions%2Berror%26error_reason%3Duser_denied&display=popup&locale=en_GB&pl_dbl=0, line 25: ReferenceError: requireLazy is not defined
JavaScript error: https://www.facebook.com/login.php?skip_api_login=1&api_key=125230861534185&kid_directed_site=0&app_id=125230861534185&signed_next=1&next=https%3A%2F%2Fwww.facebook.com%2Fdialog%2Foauth%3Fapp_id%3D125230861534185%26cbt%3D1658300576140%26channel_url%3Dhttps%253A%252F%252Fstaticxx.facebook.com%252Fx%252Fconnect%252Fxd_arbiter%252F%253Fversion%253D46%2523cb%253Df2c799db9955e74%2526domain%253Dwww.slidegeeks.com%2526is_canvas%253Dfalse%2526origin%253Dhttps%25253A%25252F%25252Fwww.slidegeeks.com%25252Ff3f4c215768af26%2526relation%253Dopener%26client_id%3D125230861534185%26display%3Dpopup%26domain%3Dwww.slidegeeks.com%26e2e%3D%257B%257D%26fallback_redirect_uri%3Dhttps%253A%252F%252Fwww.slidegeeks.com%252Febooks%26locale%3Den_US%26logger_id%3Df3ac129f1213f5a%26origin%3D1%26redirect_uri%3Dhttps%253A%252F%252Fstaticxx.facebook.com%252Fx%252Fconnect%252Fxd_arbiter%252F%253Fversion%253D46%2523cb%253Df6db64d4963e8e%2526domain%253Dwww.slidegeeks.com%2526is_canvas%253Dfalse%2526origin%253Dhttps%25253A%25252F%25252Fwww.slidegeeks.com%25252Ff3f4c215768af26%2526relation%253Dopener%2526frame%253Df3cfb2e8e153f4%26response_type%3Dtoken%252Csigned_request%252Cgraph_domain%26return_scopes%3Dtrue%26scope%3Demail%252Cpublic_profile%26sdk%3Djoey%26ret%3Dlogin%26fbapp_pres%3D0%26tp%3Dunspecified&cancel_url=https%3A%2F%2Fstaticxx.facebook.com%2Fx%2Fconnect%2Fxd_arbiter%2F%3Fversion%3D46%23cb%3Df6db64d4963e8e%26domain%3Dwww.slidegeeks.com%26is_canvas%3Dfalse%26origin%3Dhttps%253A%252F%252Fwww.slidegeeks.com%252Ff3f4c215768af26%26relation%3Dopener%26frame%3Df3cfb2e8e153f4%26error%3Daccess_denied%26error_code%3D200%26error_description%3DPermissions%2Berror%26error_reason%3Duser_denied&display=popup&locale=en_GB&pl_dbl=0, line 26: ReferenceError: requireLazy is not defined
JavaScript error: https://www.facebook.com/login.php?skip_api_login=1&api_key=125230861534185&kid_directed_site=0&app_id=125230861534185&signed_next=1&next=https%3A%2F%2Fwww.facebook.com%2Fdialog%2Foauth%3Fapp_id%3D125230861534185%26cbt%3D1658300576140%26channel_url%3Dhttps%253A%252F%252Fstaticxx.facebook.com%252Fx%252Fconnect%252Fxd_arbiter%252F%253Fversion%253D46%2523cb%253Df2c799db9955e74%2526domain%253Dwww.slidegeeks.com%2526is_canvas%253Dfalse%2526origin%253Dhttps%25253A%25252F%25252Fwww.slidegeeks.com%25252Ff3f4c215768af26%2526relation%253Dopener%26client_id%3D125230861534185%26display%3Dpopup%26domain%3Dwww.slidegeeks.com%26e2e%3D%257B%257D%26fallback_redirect_uri%3Dhttps%253A%252F%252Fwww.slidegeeks.com%252Febooks%26locale%3Den_US%26logger_id%3Df3ac129f1213f5a%26origin%3D1%26redirect_uri%3Dhttps%253A%252F%252Fstaticxx.facebook.com%252Fx%252Fconnect%252Fxd_arbiter%252F%253Fversion%253D46%2523cb%253Df6db64d4963e8e%2526domain%253Dwww.slidegeeks.com%2526is_canvas%253Dfalse%2526origin%253Dhttps%25253A%25252F%25252Fwww.slidegeeks.com%25252Ff3f4c215768af26%2526relation%253Dopener%2526frame%253Df3cfb2e8e153f4%26response_type%3Dtoken%252Csigned_request%252Cgraph_domain%26return_scopes%3Dtrue%26scope%3Demail%252Cpublic_profile%26sdk%3Djoey%26ret%3Dlogin%26fbapp_pres%3D0%26tp%3Dunspecified&cancel_url=https%3A%2F%2Fstaticxx.facebook.com%2Fx%2Fconnect%2Fxd_arbiter%2F%3Fversion%3D46%23cb%3Df6db64d4963e8e%26domain%3Dwww.slidegeeks.com%26is_canvas%3Dfalse%26origin%3Dhttps%253A%252F%252Fwww.slidegeeks.com%252Ff3f4c215768af26%26relation%3Dopener%26frame%3Df3cfb2e8e153f4%26error%3Daccess_denied%26error_code%3D200%26error_description%3DPermissions%2Berror%26error_reason%3Duser_denied&display=popup&locale=en_GB&pl_dbl=0, line 27: ReferenceError: requireLazy is not defined
JavaScript error: https://www.facebook.com/login.php?skip_api_login=1&api_key=125230861534185&kid_directed_site=0&app_id=125230861534185&signed_next=1&next=https%3A%2F%2Fwww.facebook.com%2Fdialog%2Foauth%3Fapp_id%3D125230861534185%26cbt%3D1658300576140%26channel_url%3Dhttps%253A%252F%252Fstaticxx.facebook.com%252Fx%252Fconnect%252Fxd_arbiter%252F%253Fversion%253D46%2523cb%253Df2c799db9955e74%2526domain%253Dwww.slidegeeks.com%2526is_canvas%253Dfalse%2526origin%253Dhttps%25253A%25252F%25252Fwww.slidegeeks.com%25252Ff3f4c215768af26%2526relation%253Dopener%26client_id%3D125230861534185%26display%3Dpopup%26domain%3Dwww.slidegeeks.com%26e2e%3D%257B%257D%26fallback_redirect_uri%3Dhttps%253A%252F%252Fwww.slidegeeks.com%252Febooks%26locale%3Den_US%26logger_id%3Df3ac129f1213f5a%26origin%3D1%26redirect_uri%3Dhttps%253A%252F%252Fstaticxx.facebook.com%252Fx%252Fconnect%252Fxd_arbiter%252F%253Fversion%253D46%2523cb%253Df6db64d4963e8e%2526domain%253Dwww.slidegeeks.com%2526is_canvas%253Dfalse%2526origin%253Dhttps%25253A%25252F%25252Fwww.slidegeeks.com%25252Ff3f4c215768af26%2526relation%253Dopener%2526frame%253Df3cfb2e8e153f4%26response_type%3Dtoken%252Csigned_request%252Cgraph_domain%26return_scopes%3Dtrue%26scope%3Demail%252Cpublic_profile%26sdk%3Djoey%26ret%3Dlogin%26fbapp_pres%3D0%26tp%3Dunspecified&cancel_url=https%3A%2F%2Fstaticxx.facebook.com%2Fx%2Fconnect%2Fxd_arbiter%2F%3Fversion%3D46%23cb%3Df6db64d4963e8e%26domain%3Dwww.slidegeeks.com%26is_canvas%3Dfalse%26origin%3Dhttps%253A%252F%252Fwww.slidegeeks.com%252Ff3f4c215768af26%26relation%3Dopener%26frame%3Df3cfb2e8e153f4%26error%3Daccess_denied%26error_code%3D200%26error_description%3DPermissions%2Berror%26error_reason%3Duser_denied&display=popup&locale=en_GB&pl_dbl=0, line 28: ReferenceError: requireLazy is not defined
JavaScript error: https://www.facebook.com/login.php?skip_api_login=1&api_key=125230861534185&kid_directed_site=0&app_id=125230861534185&signed_next=1&next=https%3A%2F%2Fwww.facebook.com%2Fdialog%2Foauth%3Fapp_id%3D125230861534185%26cbt%3D1658300576140%26channel_url%3Dhttps%253A%252F%252Fstaticxx.facebook.com%252Fx%252Fconnect%252Fxd_arbiter%252F%253Fversion%253D46%2523cb%253Df2c799db9955e74%2526domain%253Dwww.slidegeeks.com%2526is_canvas%253Dfalse%2526origin%253Dhttps%25253A%25252F%25252Fwww.slidegeeks.com%25252Ff3f4c215768af26%2526relation%253Dopener%26client_id%3D125230861534185%26display%3Dpopup%26domain%3Dwww.slidegeeks.com%26e2e%3D%257B%257D%26fallback_redirect_uri%3Dhttps%253A%252F%252Fwww.slidegeeks.com%252Febooks%26locale%3Den_US%26logger_id%3Df3ac129f1213f5a%26origin%3D1%26redirect_uri%3Dhttps%253A%252F%252Fstaticxx.facebook.com%252Fx%252Fconnect%252Fxd_arbiter%252F%253Fversion%253D46%2523cb%253Df6db64d4963e8e%2526domain%253Dwww.slidegeeks.com%2526is_canvas%253Dfalse%2526origin%253Dhttps%25253A%25252F%25252Fwww.slidegeeks.com%25252Ff3f4c215768af26%2526relation%253Dopener%2526frame%253Df3cfb2e8e153f4%26response_type%3Dtoken%252Csigned_request%252Cgraph_domain%26return_scopes%3Dtrue%26scope%3Demail%252Cpublic_profile%26sdk%3Djoey%26ret%3Dlogin%26fbapp_pres%3D0%26tp%3Dunspecified&cancel_url=https%3A%2F%2Fstaticxx.facebook.com%2Fx%2Fconnect%2Fxd_arbiter%2F%3Fversion%3D46%23cb%3Df6db64d4963e8e%26domain%3Dwww.slidegeeks.com%26is_canvas%3Dfalse%26origin%3Dhttps%253A%252F%252Fwww.slidegeeks.com%252Ff3f4c215768af26%26relation%3Dopener%26frame%3Df3cfb2e8e153f4%26error%3Daccess_denied%26error_code%3D200%26error_description%3DPermissions%2Berror%26error_reason%3Duser_denied&display=popup&locale=en_GB&pl_dbl=0, line 28: ReferenceError: requireLazy is not defined
JavaScript error: https://www.facebook.com/login.php?skip_api_login=1&api_key=125230861534185&kid_directed_site=0&app_id=125230861534185&signed_next=1&next=https%3A%2F%2Fwww.facebook.com%2Fdialog%2Foauth%3Fapp_id%3D125230861534185%26cbt%3D1658300576140%26channel_url%3Dhttps%253A%252F%252Fstaticxx.facebook.com%252Fx%252Fconnect%252Fxd_arbiter%252F%253Fversion%253D46%2523cb%253Df2c799db9955e74%2526domain%253Dwww.slidegeeks.com%2526is_canvas%253Dfalse%2526origin%253Dhttps%25253A%25252F%25252Fwww.slidegeeks.com%25252Ff3f4c215768af26%2526relation%253Dopener%26client_id%3D125230861534185%26display%3Dpopup%26domain%3Dwww.slidegeeks.com%26e2e%3D%257B%257D%26fallback_redirect_uri%3Dhttps%253A%252F%252Fwww.slidegeeks.com%252Febooks%26locale%3Den_US%26logger_id%3Df3ac129f1213f5a%26origin%3D1%26redirect_uri%3Dhttps%253A%252F%252Fstaticxx.facebook.com%252Fx%252Fconnect%252Fxd_arbiter%252F%253Fversion%253D46%2523cb%253Df6db64d4963e8e%2526domain%253Dwww.slidegeeks.com%2526is_canvas%253Dfalse%2526origin%253Dhttps%25253A%25252F%25252Fwww.slidegeeks.com%25252Ff3f4c215768af26%2526relation%253Dopener%2526frame%253Df3cfb2e8e153f4%26response_type%3Dtoken%252Csigned_request%252Cgraph_domain%26return_scopes%3Dtrue%26scope%3Demail%252Cpublic_profile%26sdk%3Djoey%26ret%3Dlogin%26fbapp_pres%3D0%26tp%3Dunspecified&cancel_url=https%3A%2F%2Fstaticxx.facebook.com%2Fx%2Fconnect%2Fxd_arbiter%2F%3Fversion%3D46%23cb%3Df6db64d4963e8e%26domain%3Dwww.slidegeeks.com%26is_canvas%3Dfalse%26origin%3Dhttps%253A%252F%252Fwww.slidegeeks.com%252Ff3f4c215768af26%26relation%3Dopener%26frame%3Df3cfb2e8e153f4%26error%3Daccess_denied%26error_code%3D200%26error_description%3DPermissions%2Berror%26error_reason%3Duser_denied&display=popup&locale=en_GB&pl_dbl=0, line 29: ReferenceError: requireLazy is not defined
console.warn: LoginRecipes: "getRecipes: falling back to a synchronous message for:" "https://www.facebook.com"
console.warn: LoginRecipes: "getRecipes: falling back to a synchronous message for:" "https://www.facebook.com"
JavaScript error: resource://gre/modules/LoginManagerParent.jsm, line 136: TypeError: gRecipeManager is null
JavaScript error: https://www.facebook.com/login/device-based/regular/login/?login_attempt=1&next=https%3A%2F%2Fwww.facebook.com%2Fdialog%2Foauth%3Fapp_id%3D125230861534185%26cbt%3D1658300576140%26channel_url%3Dhttps%253A%252F%252Fstaticxx.facebook.com%252Fx%252Fconnect%252Fxd_arbiter%252F%253Fversion%253D46%2523cb%253Df2c799db9955e74%2526domain%253Dwww.slidegeeks.com%2526is_canvas%253Dfalse%2526origin%253Dhttps%25253A%25252F%25252Fwww.slidegeeks.com%25252Ff3f4c215768af26%2526relation%253Dopener%26client_id%3D125230861534185%26display%3Dpopup%26domain%3Dwww.slidegeeks.com%26e2e%3D%257B%257D%26fallback_redirect_uri%3Dhttps%253A%252F%252Fwww.slidegeeks.com%252Febooks%26locale%3Den_US%26logger_id%3Df3ac129f1213f5a%26origin%3D1%26redirect_uri%3Dhttps%253A%252F%252Fstaticxx.facebook.com%252Fx%252Fconnect%252Fxd_arbiter%252F%253Fversion%253D46%2523cb%253Df6db64d4963e8e%2526domain%253Dwww.slidegeeks.com%2526is_canvas%253Dfalse%2526origin%253Dhttps%25253A%25252F%25252Fwww.slidegeeks.com%25252Ff3f4c215768af26%2526relation%253Dopener%2526frame%253Df3cfb2e8e153f4%26response_type%3Dtoken%252Csigned_request%252Cgraph_domain%26return_scopes%3Dtrue%26scope%3Demail%252Cpublic_profile%26sdk%3Djoey%26ret%3Dlogin%26fbapp_pres%3D0%26tp%3Dunspecified&popup=1&lwv=100, line 9: ReferenceError: requireLazy is not defined
JavaScript error: https://www.facebook.com/login/device-based/regular/login/?login_attempt=1&next=https%3A%2F%2Fwww.facebook.com%2Fdialog%2Foauth%3Fapp_id%3D125230861534185%26cbt%3D1658300576140%26channel_url%3Dhttps%253A%252F%252Fstaticxx.facebook.com%252Fx%252Fconnect%252Fxd_arbiter%252F%253Fversion%253D46%2523cb%253Df2c799db9955e74%2526domain%253Dwww.slidegeeks.com%2526is_canvas%253Dfalse%2526origin%253Dhttps%25253A%25252F%25252Fwww.slidegeeks.com%25252Ff3f4c215768af26%2526relation%253Dopener%26client_id%3D125230861534185%26display%3Dpopup%26domain%3Dwww.slidegeeks.com%26e2e%3D%257B%257D%26fallback_redirect_uri%3Dhttps%253A%252F%252Fwww.slidegeeks.com%252Febooks%26locale%3Den_US%26logger_id%3Df3ac129f1213f5a%26origin%3D1%26redirect_uri%3Dhttps%253A%252F%252Fstaticxx.facebook.com%252Fx%252Fconnect%252Fxd_arbiter%252F%253Fversion%253D46%2523cb%253Df6db64d4963e8e%2526domain%253Dwww.slidegeeks.com%2526is_canvas%253Dfalse%2526origin%253Dhttps%25253A%25252F%25252Fwww.slidegeeks.com%25252Ff3f4c215768af26%2526relation%253Dopener%2526frame%253Df3cfb2e8e153f4%26response_type%3Dtoken%252Csigned_request%252Cgraph_domain%26return_scopes%3Dtrue%26scope%3Demail%252Cpublic_profile%26sdk%3Djoey%26ret%3Dlogin%26fbapp_pres%3D0%26tp%3Dunspecified&popup=1&lwv=100, line 9: ReferenceError: requireLazy is not defined
JavaScript error: https://www.facebook.com/login/device-based/regular/login/?login_attempt=1&next=https%3A%2F%2Fwww.facebook.com%2Fdialog%2Foauth%3Fapp_id%3D125230861534185%26cbt%3D1658300576140%26channel_url%3Dhttps%253A%252F%252Fstaticxx.facebook.com%252Fx%252Fconnect%252Fxd_arbiter%252F%253Fversion%253D46%2523cb%253Df2c799db9955e74%2526domain%253Dwww.slidegeeks.com%2526is_canvas%253Dfalse%2526origin%253Dhttps%25253A%25252F%25252Fwww.slidegeeks.com%25252Ff3f4c215768af26%2526relation%253Dopener%26client_id%3D125230861534185%26display%3Dpopup%26domain%3Dwww.slidegeeks.com%26e2e%3D%257B%257D%26fallback_redirect_uri%3Dhttps%253A%252F%252Fwww.slidegeeks.com%252Febooks%26locale%3Den_US%26logger_id%3Df3ac129f1213f5a%26origin%3D1%26redirect_uri%3Dhttps%253A%252F%252Fstaticxx.facebook.com%252Fx%252Fconnect%252Fxd_arbiter%252F%253Fversion%253D46%2523cb%253Df6db64d4963e8e%2526domain%253Dwww.slidegeeks.com%2526is_canvas%253Dfalse%2526origin%253Dhttps%25253A%25252F%25252Fwww.slidegeeks.com%25252Ff3f4c215768af26%2526relation%253Dopener%2526frame%253Df3cfb2e8e153f4%26response_type%3Dtoken%252Csigned_request%252Cgraph_domain%26return_scopes%3Dtrue%26scope%3Demail%252Cpublic_profile%26sdk%3Djoey%26ret%3Dlogin%26fbapp_pres%3D0%26tp%3Dunspecified&popup=1&lwv=100, line 10: ReferenceError: requireLazy is not defined
JavaScript error: https://www.facebook.com/login/device-based/regular/login/?login_attempt=1&next=https%3A%2F%2Fwww.facebook.com%2Fdialog%2Foauth%3Fapp_id%3D125230861534185%26cbt%3D1658300576140%26channel_url%3Dhttps%253A%252F%252Fstaticxx.facebook.com%252Fx%252Fconnect%252Fxd_arbiter%252F%253Fversion%253D46%2523cb%253Df2c799db9955e74%2526domain%253Dwww.slidegeeks.com%2526is_canvas%253Dfalse%2526origin%253Dhttps%25253A%25252F%25252Fwww.slidegeeks.com%25252Ff3f4c215768af26%2526relation%253Dopener%26client_id%3D125230861534185%26display%3Dpopup%26domain%3Dwww.slidegeeks.com%26e2e%3D%257B%257D%26fallback_redirect_uri%3Dhttps%253A%252F%252Fwww.slidegeeks.com%252Febooks%26locale%3Den_US%26logger_id%3Df3ac129f1213f5a%26origin%3D1%26redirect_uri%3Dhttps%253A%252F%252Fstaticxx.facebook.com%252Fx%252Fconnect%252Fxd_arbiter%252F%253Fversion%253D46%2523cb%253Df6db64d4963e8e%2526domain%253Dwww.slidegeeks.com%2526is_canvas%253Dfalse%2526origin%253Dhttps%25253A%25252F%25252Fwww.slidegeeks.com%25252Ff3f4c215768af26%2526relation%253Dopener%2526frame%253Df3cfb2e8e153f4%26response_type%3Dtoken%252Csigned_request%252Cgraph_domain%26return_scopes%3Dtrue%26scope%3Demail%252Cpublic_profile%26sdk%3Djoey%26ret%3Dlogin%26fbapp_pres%3D0%26tp%3Dunspecified&popup=1&lwv=100, line 11: ReferenceError: requireLazy is not defined
JavaScript error: https://www.facebook.com/login/device-based/regular/login/?login_attempt=1&next=https%3A%2F%2Fwww.facebook.com%2Fdialog%2Foauth%3Fapp_id%3D125230861534185%26cbt%3D1658300576140%26channel_url%3Dhttps%253A%252F%252Fstaticxx.facebook.com%252Fx%252Fconnect%252Fxd_arbiter%252F%253Fversion%253D46%2523cb%253Df2c799db9955e74%2526domain%253Dwww.slidegeeks.com%2526is_canvas%253Dfalse%2526origin%253Dhttps%25253A%25252F%25252Fwww.slidegeeks.com%25252Ff3f4c215768af26%2526relation%253Dopener%26client_id%3D125230861534185%26display%3Dpopup%26domain%3Dwww.slidegeeks.com%26e2e%3D%257B%257D%26fallback_redirect_uri%3Dhttps%253A%252F%252Fwww.slidegeeks.com%252Febooks%26locale%3Den_US%26logger_id%3Df3ac129f1213f5a%26origin%3D1%26redirect_uri%3Dhttps%253A%252F%252Fstaticxx.facebook.com%252Fx%252Fconnect%252Fxd_arbiter%252F%253Fversion%253D46%2523cb%253Df6db64d4963e8e%2526domain%253Dwww.slidegeeks.com%2526is_canvas%253Dfalse%2526origin%253Dhttps%25253A%25252F%25252Fwww.slidegeeks.com%25252Ff3f4c215768af26%2526relation%253Dopener%2526frame%253Df3cfb2e8e153f4%26response_type%3Dtoken%252Csigned_request%252Cgraph_domain%26return_scopes%3Dtrue%26scope%3Demail%252Cpublic_profile%26sdk%3Djoey%26ret%3Dlogin%26fbapp_pres%3D0%26tp%3Dunspecified&popup=1&lwv=100, line 12: ReferenceError: requireLazy is not defined
JavaScript error: https://www.facebook.com/login/device-based/regular/login/?login_attempt=1&next=https%3A%2F%2Fwww.facebook.com%2Fdialog%2Foauth%3Fapp_id%3D125230861534185%26cbt%3D1658300576140%26channel_url%3Dhttps%253A%252F%252Fstaticxx.facebook.com%252Fx%252Fconnect%252Fxd_arbiter%252F%253Fversion%253D46%2523cb%253Df2c799db9955e74%2526domain%253Dwww.slidegeeks.com%2526is_canvas%253Dfalse%2526origin%253Dhttps%25253A%25252F%25252Fwww.slidegeeks.com%25252Ff3f4c215768af26%2526relation%253Dopener%26client_id%3D125230861534185%26display%3Dpopup%26domain%3Dwww.slidegeeks.com%26e2e%3D%257B%257D%26fallback_redirect_uri%3Dhttps%253A%252F%252Fwww.slidegeeks.com%252Febooks%26locale%3Den_US%26logger_id%3Df3ac129f1213f5a%26origin%3D1%26redirect_uri%3Dhttps%253A%252F%252Fstaticxx.facebook.com%252Fx%252Fconnect%252Fxd_arbiter%252F%253Fversion%253D46%2523cb%253Df6db64d4963e8e%2526domain%253Dwww.slidegeeks.com%2526is_canvas%253Dfalse%2526origin%253Dhttps%25253A%25252F%25252Fwww.slidegeeks.com%25252Ff3f4c215768af26%2526relation%253Dopener%2526frame%253Df3cfb2e8e153f4%26response_type%3Dtoken%252Csigned_request%252Cgraph_domain%26return_scopes%3Dtrue%26scope%3Demail%252Cpublic_profile%26sdk%3Djoey%26ret%3Dlogin%26fbapp_pres%3D0%26tp%3Dunspecified&popup=1&lwv=100, line 26: ReferenceError: requireLazy is not defined
JavaScript error: https://www.facebook.com/login/device-based/regular/login/?login_attempt=1&next=https%3A%2F%2Fwww.facebook.com%2Fdialog%2Foauth%3Fapp_id%3D125230861534185%26cbt%3D1658300576140%26channel_url%3Dhttps%253A%252F%252Fstaticxx.facebook.com%252Fx%252Fconnect%252Fxd_arbiter%252F%253Fversion%253D46%2523cb%253Df2c799db9955e74%2526domain%253Dwww.slidegeeks.com%2526is_canvas%253Dfalse%2526origin%253Dhttps%25253A%25252F%25252Fwww.slidegeeks.com%25252Ff3f4c215768af26%2526relation%253Dopener%26client_id%3D125230861534185%26display%3Dpopup%26domain%3Dwww.slidegeeks.com%26e2e%3D%257B%257D%26fallback_redirect_uri%3Dhttps%253A%252F%252Fwww.slidegeeks.com%252Febooks%26locale%3Den_US%26logger_id%3Df3ac129f1213f5a%26origin%3D1%26redirect_uri%3Dhttps%253A%252F%252Fstaticxx.facebook.com%252Fx%252Fconnect%252Fxd_arbiter%252F%253Fversion%253D46%2523cb%253Df6db64d4963e8e%2526domain%253Dwww.slidegeeks.com%2526is_canvas%253Dfalse%2526origin%253Dhttps%25253A%25252F%25252Fwww.slidegeeks.com%25252Ff3f4c215768af26%2526relation%253Dopener%2526frame%253Df3cfb2e8e153f4%26response_type%3Dtoken%252Csigned_request%252Cgraph_domain%26return_scopes%3Dtrue%26scope%3Demail%252Cpublic_profile%26sdk%3Djoey%26ret%3Dlogin%26fbapp_pres%3D0%26tp%3Dunspecified&popup=1&lwv=100, line 27: ReferenceError: requireLazy is not defined
JavaScript error: https://www.facebook.com/login/device-based/regular/login/?login_attempt=1&next=https%3A%2F%2Fwww.facebook.com%2Fdialog%2Foauth%3Fapp_id%3D125230861534185%26cbt%3D1658300576140%26channel_url%3Dhttps%253A%252F%252Fstaticxx.facebook.com%252Fx%252Fconnect%252Fxd_arbiter%252F%253Fversion%253D46%2523cb%253Df2c799db9955e74%2526domain%253Dwww.slidegeeks.com%2526is_canvas%253Dfalse%2526origin%253Dhttps%25253A%25252F%25252Fwww.slidegeeks.com%25252Ff3f4c215768af26%2526relation%253Dopener%26client_id%3D125230861534185%26display%3Dpopup%26domain%3Dwww.slidegeeks.com%26e2e%3D%257B%257D%26fallback_redirect_uri%3Dhttps%253A%252F%252Fwww.slidegeeks.com%252Febooks%26locale%3Den_US%26logger_id%3Df3ac129f1213f5a%26origin%3D1%26redirect_uri%3Dhttps%253A%252F%252Fstaticxx.facebook.com%252Fx%252Fconnect%252Fxd_arbiter%252F%253Fversion%253D46%2523cb%253Df6db64d4963e8e%2526domain%253Dwww.slidegeeks.com%2526is_canvas%253Dfalse%2526origin%253Dhttps%25253A%25252F%25252Fwww.slidegeeks.com%25252Ff3f4c215768af26%2526relation%253Dopener%2526frame%253Df3cfb2e8e153f4%26response_type%3Dtoken%252Csigned_request%252Cgraph_domain%26return_scopes%3Dtrue%26scope%3Demail%252Cpublic_profile%26sdk%3Djoey%26ret%3Dlogin%26fbapp_pres%3D0%26tp%3Dunspecified&popup=1&lwv=100, line 28: ReferenceError: requireLazy is not defined
JavaScript error: https://www.facebook.com/login/device-based/regular/login/?login_attempt=1&next=https%3A%2F%2Fwww.facebook.com%2Fdialog%2Foauth%3Fapp_id%3D125230861534185%26cbt%3D1658300576140%26channel_url%3Dhttps%253A%252F%252Fstaticxx.facebook.com%252Fx%252Fconnect%252Fxd_arbiter%252F%253Fversion%253D46%2523cb%253Df2c799db9955e74%2526domain%253Dwww.slidegeeks.com%2526is_canvas%253Dfalse%2526origin%253Dhttps%25253A%25252F%25252Fwww.slidegeeks.com%25252Ff3f4c215768af26%2526relation%253Dopener%26client_id%3D125230861534185%26display%3Dpopup%26domain%3Dwww.slidegeeks.com%26e2e%3D%257B%257D%26fallback_redirect_uri%3Dhttps%253A%252F%252Fwww.slidegeeks.com%252Febooks%26locale%3Den_US%26logger_id%3Df3ac129f1213f5a%26origin%3D1%26redirect_uri%3Dhttps%253A%252F%252Fstaticxx.facebook.com%252Fx%252Fconnect%252Fxd_arbiter%252F%253Fversion%253D46%2523cb%253Df6db64d4963e8e%2526domain%253Dwww.slidegeeks.com%2526is_canvas%253Dfalse%2526origin%253Dhttps%25253A%25252F%25252Fwww.slidegeeks.com%25252Ff3f4c215768af26%2526relation%253Dopener%2526frame%253Df3cfb2e8e153f4%26response_type%3Dtoken%252Csigned_request%252Cgraph_domain%26return_scopes%3Dtrue%26scope%3Demail%252Cpublic_profile%26sdk%3Djoey%26ret%3Dlogin%26fbapp_pres%3D0%26tp%3Dunspecified&popup=1&lwv=100, line 29: ReferenceError: requireLazy is not defined
JavaScript error: https://www.facebook.com/login/device-based/regular/login/?login_attempt=1&next=https%3A%2F%2Fwww.facebook.com%2Fdialog%2Foauth%3Fapp_id%3D125230861534185%26cbt%3D1658300576140%26channel_url%3Dhttps%253A%252F%252Fstaticxx.facebook.com%252Fx%252Fconnect%252Fxd_arbiter%252F%253Fversion%253D46%2523cb%253Df2c799db9955e74%2526domain%253Dwww.slidegeeks.com%2526is_canvas%253Dfalse%2526origin%253Dhttps%25253A%25252F%25252Fwww.slidegeeks.com%25252Ff3f4c215768af26%2526relation%253Dopener%26client_id%3D125230861534185%26display%3Dpopup%26domain%3Dwww.slidegeeks.com%26e2e%3D%257B%257D%26fallback_redirect_uri%3Dhttps%253A%252F%252Fwww.slidegeeks.com%252Febooks%26locale%3Den_US%26logger_id%3Df3ac129f1213f5a%26origin%3D1%26redirect_uri%3Dhttps%253A%252F%252Fstaticxx.facebook.com%252Fx%252Fconnect%252Fxd_arbiter%252F%253Fversion%253D46%2523cb%253Df6db64d4963e8e%2526domain%253Dwww.slidegeeks.com%2526is_canvas%253Dfalse%2526origin%253Dhttps%25253A%25252F%25252Fwww.slidegeeks.com%25252Ff3f4c215768af26%2526relation%253Dopener%2526frame%253Df3cfb2e8e153f4%26response_type%3Dtoken%252Csigned_request%252Cgraph_domain%26return_scopes%3Dtrue%26scope%3Demail%252Cpublic_profile%26sdk%3Djoey%26ret%3Dlogin%26fbapp_pres%3D0%26tp%3Dunspecified&popup=1&lwv=100, line 29: ReferenceError: requireLazy is not defined
JavaScript error: https://www.facebook.com/login/device-based/regular/login/?login_attempt=1&next=https%3A%2F%2Fwww.facebook.com%2Fdialog%2Foauth%3Fapp_id%3D125230861534185%26cbt%3D1658300576140%26channel_url%3Dhttps%253A%252F%252Fstaticxx.facebook.com%252Fx%252Fconnect%252Fxd_arbiter%252F%253Fversion%253D46%2523cb%253Df2c799db9955e74%2526domain%253Dwww.slidegeeks.com%2526is_canvas%253Dfalse%2526origin%253Dhttps%25253A%25252F%25252Fwww.slidegeeks.com%25252Ff3f4c215768af26%2526relation%253Dopener%26client_id%3D125230861534185%26display%3Dpopup%26domain%3Dwww.slidegeeks.com%26e2e%3D%257B%257D%26fallback_redirect_uri%3Dhttps%253A%252F%252Fwww.slidegeeks.com%252Febooks%26locale%3Den_US%26logger_id%3Df3ac129f1213f5a%26origin%3D1%26redirect_uri%3Dhttps%253A%252F%252Fstaticxx.facebook.com%252Fx%252Fconnect%252Fxd_arbiter%252F%253Fversion%253D46%2523cb%253Df6db64d4963e8e%2526domain%253Dwww.slidegeeks.com%2526is_canvas%253Dfalse%2526origin%253Dhttps%25253A%25252F%25252Fwww.slidegeeks.com%25252Ff3f4c215768af26%2526relation%253Dopener%2526frame%253Df3cfb2e8e153f4%26response_type%3Dtoken%252Csigned_request%252Cgraph_domain%26return_scopes%3Dtrue%26scope%3Demail%252Cpublic_profile%26sdk%3Djoey%26ret%3Dlogin%26fbapp_pres%3D0%26tp%3Dunspecified&popup=1&lwv=100, line 30: ReferenceError: requireLazy is not defined
org.openqa.selenium.TimeoutException: Expected condition failed: waiting for element to be clickable: By.xpath: //a[@id='download_8'] (tried for 30 second(s) with 500 milliseconds interval)
	at org.openqa.selenium.support.ui.WebDriverWait.timeoutException(WebDriverWait.java:95)
	at org.openqa.selenium.support.ui.FluentWait.until(FluentWait.java:272)
	at stepDefination.FacebookLogin.download_the_selected_ebbok(FacebookLogin.java:133)
	at java.base/jdk.internal.reflect.NativeMethodAccessorImpl.invoke0(Native Method)
	at java.base/jdk.internal.reflect.NativeMethodAccessorImpl.invoke(NativeMethodAccessorImpl.java:77)
	at java.base/jdk.internal.reflect.DelegatingMethodAccessorImpl.invoke(DelegatingMethodAccessorImpl.java:43)
	at java.base/java.lang.reflect.Method.invoke(Method.java:568)
	at io.cucumber.java.Invoker.doInvoke(Invoker.java:66)
	at io.cucumber.java.Invoker.invoke(Invoker.java:24)
	at io.cucumber.java.AbstractGlueDefinition.invokeMethod(AbstractGlueDefinition.java:47)
	at io.cucumber.java.JavaStepDefinition.execute(JavaStepDefinition.java:29)
	at io.cucumber.core.runner.CoreStepDefinition.execute(CoreStepDefinition.java:66)
	at io.cucumber.core.runner.PickleStepDefinitionMatch.runStep(PickleStepDefinitionMatch.java:63)
	at io.cucumber.core.runner.ExecutionMode$1.execute(ExecutionMode.java:10)
	at io.cucumber.core.runner.TestStep.executeStep(TestStep.java:92)
	at io.cucumber.core.runner.TestStep.run(TestStep.java:64)
	at io.cucumber.core.runner.PickleStepTestStep.run(PickleStepTestStep.java:51)
	at io.cucumber.core.runner.TestCase.run(TestCase.java:104)
	at io.cucumber.core.runner.Runner.runPickle(Runner.java:73)
	at io.cucumber.junit.PickleRunners$NoStepDescriptions.run(PickleRunners.java:151)
	at io.cucumber.junit.FeatureRunner.runChild(FeatureRunner.java:135)
	at io.cucumber.junit.FeatureRunner.runChild(FeatureRunner.java:27)
	at org.junit.runners.ParentRunner$3.run(ParentRunner.java:290)
	at org.junit.runners.ParentRunner$1.schedule(ParentRunner.java:71)
	at org.junit.runners.ParentRunner.runChildren(ParentRunner.java:288)
	at org.junit.runners.ParentRunner.access$000(ParentRunner.java:58)
	at org.junit.runners.ParentRunner$2.evaluate(ParentRunner.java:268)
	at org.junit.runners.ParentRunner.run(ParentRunner.java:363)
	at io.cucumber.junit.Cucumber.runChild(Cucumber.java:200)
	at io.cucumber.junit.Cucumber.runChild(Cucumber.java:90)
	at org.junit.runners.ParentRunner$3.run(ParentRunner.java:290)
	at org.junit.runners.ParentRunner$1.schedule(ParentRunner.java:71)
	at org.junit.runners.ParentRunner.runChildren(ParentRunner.java:288)
	at org.junit.runners.ParentRunner.access$000(ParentRunner.java:58)
	at org.junit.runners.ParentRunner$2.evaluate(ParentRunner.java:268)
	at io.cucumber.junit.Cucumber$RunCucumber.evaluate(Cucumber.java:235)
	at org.junit.internal.runners.statements.RunBefores.evaluate(RunBefores.java:26)
	at org.junit.internal.runners.statements.RunAfters.evaluate(RunAfters.java:27)
	at org.junit.runners.ParentRunner.run(ParentRunner.java:363)
	at org.apache.maven.surefire.junit4.JUnit4Provider.execute(JUnit4Provider.java:364)
	at org.apache.maven.surefire.junit4.JUnit4Provider.executeWithRerun(JUnit4Provider.java:272)
	at org.apache.maven.surefire.junit4.JUnit4Provider.executeTestSet(JUnit4Provider.java:237)
	at org.apache.maven.surefire.junit4.JUnit4Provider.invoke(JUnit4Provider.java:158)
	at org.apache.maven.surefire.booter.ForkedBooter.runSuitesInProcess(ForkedBooter.java:428)
	at org.apache.maven.surefire.booter.ForkedBooter.execute(ForkedBooter.java:162)
	at org.apache.maven.surefire.booter.ForkedBooter.run(ForkedBooter.java:562)
	at org.apache.maven.surefire.booter.ForkedBooter.main(ForkedBooter.java:548)
Caused by: org.openqa.selenium.NoSuchElementException: Unable to locate element: //a[@id='download_8']
For documentation on this error, please visit: https://www.seleniumhq.org/exceptions/no_such_element.html
Build info: version: '3.141.59', revision: 'e82be7d358', time: '2018-11-14T08:17:03'
System info: host: 'SLIDEQA2', ip: '192.168.43.28', os.name: 'Windows 10', os.arch: 'amd64', os.version: '10.0', java.version: '17'
Driver info: org.openqa.selenium.firefox.FirefoxDriver
Capabilities {acceptInsecureCerts: true, browserName: firefox, browserVersion: 102.0.1, javascriptEnabled: true, moz:accessibilityChecks: false, moz:buildID: 20220705093820, moz:geckodriverVersion: 0.31.0, moz:headless: false, moz:processID: 24140, moz:profile: C:\Users\SLIDEQ~1\AppData\L..., moz:shutdownTimeout: 60000, moz:useNonSpecCompliantPointerOrigin: false, moz:webdriverClick: true, moz:windowless: false, pageLoadStrategy: normal, platform: WINDOWS, platformName: WINDOWS, platformVersion: 10.0, proxy: Proxy(), setWindowRect: true, strictFileInteractability: false, timeouts: {implicit: 0, pageLoad: 300000, script: 30000}, unhandledPromptBehavior: dismiss and notify}
Session ID: 25ae7b6e-130c-4195-b080-b806644004f6
*** Element info: {Using=xpath, value=//a[@id='download_8']}
	at java.base/jdk.internal.reflect.NativeConstructorAccessorImpl.newInstance0(Native Method)
	at java.base/jdk.internal.reflect.NativeConstructorAccessorImpl.newInstance(NativeConstructorAccessorImpl.java:77)
	at java.base/jdk.internal.reflect.DelegatingConstructorAccessorImpl.newInstance(DelegatingConstructorAccessorImpl.java:45)
	at java.base/java.lang.reflect.Constructor.newInstanceWithCaller(Constructor.java:499)
	at java.base/java.lang.reflect.Constructor.newInstance(Constructor.java:480)
	at org.openqa.selenium.remote.http.W3CHttpResponseCodec.createException(W3CHttpResponseCodec.java:187)
	at org.openqa.selenium.remote.http.W3CHttpResponseCodec.decode(W3CHttpResponseCodec.java:122)
	at org.openqa.selenium.remote.http.W3CHttpResponseCodec.decode(W3CHttpResponseCodec.java:49)
	at org.openqa.selenium.remote.HttpCommandExecutor.execute(HttpCommandExecutor.java:158)
	at org.openqa.selenium.remote.service.DriverCommandExecutor.execute(DriverCommandExecutor.java:83)
	at org.openqa.selenium.remote.RemoteWebDriver.execute(RemoteWebDriver.java:552)
	at org.openqa.selenium.remote.RemoteWebDriver.findElement(RemoteWebDriver.java:323)
	at org.openqa.selenium.remote.RemoteWebDriver.findElementByXPath(RemoteWebDriver.java:428)
	at org.openqa.selenium.By$ByXPath.findElement(By.java:353)
	at org.openqa.selenium.remote.RemoteWebDriver.findElement(RemoteWebDriver.java:315)
	at org.openqa.selenium.support.ui.ExpectedConditions$7.apply(ExpectedConditions.java:205)
	at org.openqa.selenium.support.ui.ExpectedConditions$7.apply(ExpectedConditions.java:201)
	at org.openqa.selenium.support.ui.ExpectedConditions$22.apply(ExpectedConditions.java:641)
	at org.openqa.selenium.support.ui.ExpectedConditions$22.apply(ExpectedConditions.java:638)
	at org.openqa.selenium.support.ui.FluentWait.until(FluentWait.java:249)
	... 45 more
]]></system-err>
  </testcase>
  <testcase name="Download Ebooks via free login" classname="Download Ebooks via free login" time="114.226">
    <system-out><![CDATA[
@FreeLogin
Scenario: Download Ebooks via free login  &amp#27;[90m# src/test/java/features/FreeLogin.feature:4&amp#27;[0m
  &amp#27;[32mGiven &amp#27;[0m&amp#27;[32mUser is on geeks Home Page&amp#27;[0m        &amp#27;[90m# stepDefination.FreeLogin.user_is_on_geeks_Home_Page()&amp#27;[0m
  &amp#27;[32mThen &amp#27;[0m&amp#27;[32mclick on Sign in button&amp#27;[0m            &amp#27;[90m# stepDefination.FreeLogin.click_on_sign_in_button()&amp#27;[0m
  &amp#27;[32mThen &amp#27;[0m&amp#27;[32mEnter valid user name and password&amp#27;[0m &amp#27;[90m# stepDefination.FreeLogin.enter_valid_user_name_and_password()&amp#27;[0m
  &amp#27;[32mThen &amp#27;[0m&amp#27;[32mClick on Ebooks&amp#27;[0m                    &amp#27;[90m# stepDefination.FreeLogin.click_on_Ebooks()&amp#27;[0m
  &amp#27;[32mThen &amp#27;[0m&amp#27;[32mClick on Buy Now button&amp#27;[0m            &amp#27;[90m# stepDefination.FreeLogin.click_on_Buy_Now_button()&amp#27;[0m
Title = Download eBooks on PowerPoint Presentation
  &amp#27;[32mThen &amp#27;[0m&amp#27;[32mverify the checkout process&amp#27;[0m        &amp#27;[90m# stepDefination.FreeLogin.verify_the_checkout_process()&amp#27;[0m
  &amp#27;[32mThen &amp#27;[0m&amp#27;[32muser logout from the application&amp#27;[0m   &amp#27;[90m# stepDefination.FreeLogin.user_logout_from_the_application()&amp#27;[0m
]]></system-out>
    <system-err><![CDATA[JavaScript warning: https://code.jquery.com/jquery-2.0.0.min.js, line 2: Using //@ to indicate sourceMappingURL pragmas is deprecated. Use //# instead
JavaScript error: https://cdn.livechatinc.com/tracking.js, line 1: Error: JSONP request failed.
JavaScript warning: https://code.jquery.com/jquery-2.0.0.min.js, line 2: Using //@ to indicate sourceMappingURL pragmas is deprecated. Use //# instead
1658300712027	Marionette	WARN	TimedPromise timed out after 500 ms: stacktrace:
TimedPromise/<@chrome://remote/content/marionette/sync.js:234:19
TimedPromise@chrome://remote/content/marionette/sync.js:219:10
interaction.flushEventLoop@chrome://remote/content/marionette/interaction.js:431:10
webdriverClickElement@chrome://remote/content/marionette/interaction.js:179:31
JavaScript error: https://cdn.livechatinc.com/tracking.js, line 1: Error: JSONP request failed.
JavaScript warning: https://code.jquery.com/jquery-2.0.0.min.js, line 2: Using //@ to indicate sourceMappingURL pragmas is deprecated. Use //# instead
console.warn: LoginRecipes: "getRecipes: falling back to a synchronous message for:" "https://www.slidegeeks.com"
JavaScript error: resource://gre/modules/LoginManagerParent.jsm, line 136: TypeError: gRecipeManager is null
console.warn: LoginRecipes: "getRecipes: falling back to a synchronous message for:" "https://www.slidegeeks.com"
JavaScript error: resource://gre/modules/LoginManagerParent.jsm, line 136: TypeError: gRecipeManager is null
1658300722028	Marionette	WARN	TimedPromise timed out after 500 ms: stacktrace:
TimedPromise/<@chrome://remote/content/marionette/sync.js:234:19
TimedPromise@chrome://remote/content/marionette/sync.js:219:10
interaction.flushEventLoop@chrome://remote/content/marionette/interaction.js:431:10
webdriverClickElement@chrome://remote/content/marionette/interaction.js:179:31
JavaScript warning: https://code.jquery.com/jquery-2.0.0.min.js, line 2: Using //@ to indicate sourceMappingURL pragmas is deprecated. Use //# instead
JavaScript error: , line 0: NetworkError: A network error occurred.
JavaScript error: , line 0: NetworkError: A network error occurred.
1658300753734	Marionette	WARN	TimedPromise timed out after 500 ms: stacktrace:
TimedPromise/<@chrome://remote/content/marionette/sync.js:234:19
TimedPromise@chrome://remote/content/marionette/sync.js:219:10
interaction.flushEventLoop@chrome://remote/content/marionette/interaction.js:431:10
webdriverClickElement@chrome://remote/content/marionette/interaction.js:179:31
JavaScript warning: https://code.jquery.com/jquery-2.0.0.min.js, line 2: Using //@ to indicate sourceMappingURL pragmas is deprecated. Use //# instead
1658300759269	Marionette	WARN	TimedPromise timed out after 500 ms: stacktrace:
TimedPromise/<@chrome://remote/content/marionette/sync.js:234:19
TimedPromise@chrome://remote/content/marionette/sync.js:219:10
interaction.flushEventLoop@chrome://remote/content/marionette/interaction.js:431:10
webdriverClickElement@chrome://remote/content/marionette/interaction.js:179:31
JavaScript error: https://www.googletagmanager.com/gtm.js?id=GTM-N2LH4MR, line 288: TypeError: G[Dd.ba] is undefined
console.warn: LoginRecipes: "getRecipes: falling back to a synchronous message for:" "https://www.slidegeeJksa.vcoam"Sc
ript error: resource://gre/modules/LoginManagerParent.jsm, line 136: TypeError: gRecipeManager is null
console.warn: LoginRecipes: "getRecipes: falling back to a synchronous message for:" "https://www.slidegeeks.com"
JavaScript error: resource://gre/modules/LoginManagerParent.jsm, line 136: TypeError: gRecipeManager is null
]]></system-err>
  </testcase>
  <testcase name="Ebooks Login test via Google" classname="Ebooks Login test via Google" time="58.046">
    <error message="Reached error page: about:neterror?e=nssFailure2&amp;u=https%3A//www.google.com/intl/en-GB/gmail/about/%23inbox&amp;c=UTF-8&amp;d=The%20connection%20to%20the%20server%20was%20reset%20while%20the%20page%20was%20loading.&#10;Build info: version: &apos;3.141.59&apos;, revision: &apos;e82be7d358&apos;, time: &apos;2018-11-14T08:17:03&apos;&#10;System info: host: &apos;SLIDEQA2&apos;, ip: &apos;192.168.43.28&apos;, os.name: &apos;Windows 10&apos;, os.arch: &apos;amd64&apos;, os.version: &apos;10.0&apos;, java.version: &apos;17&apos;&#10;Driver info: org.openqa.selenium.firefox.FirefoxDriver&#10;Capabilities {acceptInsecureCerts: true, browserName: firefox, browserVersion: 102.0.1, javascriptEnabled: true, moz:accessibilityChecks: false, moz:buildID: 20220705093820, moz:geckodriverVersion: 0.31.0, moz:headless: false, moz:processID: 24140, moz:profile: C:\Users\SLIDEQ~1\AppData\L..., moz:shutdownTimeout: 60000, moz:useNonSpecCompliantPointerOrigin: false, moz:webdriverClick: true, moz:windowless: false, pageLoadStrategy: normal, platform: WINDOWS, platformName: WINDOWS, platformVersion: 10.0, proxy: Proxy(), setWindowRect: true, strictFileInteractability: false, timeouts: {implicit: 0, pageLoad: 300000, script: 30000}, unhandledPromptBehavior: dismiss and notify}&#10;Session ID: 25ae7b6e-130c-4195-b080-b806644004f6" type="org.openqa.selenium.WebDriverException"><![CDATA[org.openqa.selenium.WebDriverException: 
Reached error page: about:neterror?e=nssFailure2&u=https%3A//www.google.com/intl/en-GB/gmail/about/%23inbox&c=UTF-8&d=The%20connection%20to%20the%20server%20was%20reset%20while%20the%20page%20was%20loading.
Build info: version: '3.141.59', revision: 'e82be7d358', time: '2018-11-14T08:17:03'
System info: host: 'SLIDEQA2', ip: '192.168.43.28', os.name: 'Windows 10', os.arch: 'amd64', os.version: '10.0', java.version: '17'
Driver info: org.openqa.selenium.firefox.FirefoxDriver
Capabilities {acceptInsecureCerts: true, browserName: firefox, browserVersion: 102.0.1, javascriptEnabled: true, moz:accessibilityChecks: false, moz:buildID: 20220705093820, moz:geckodriverVersion: 0.31.0, moz:headless: false, moz:processID: 24140, moz:profile: C:\Users\SLIDEQ~1\AppData\L..., moz:shutdownTimeout: 60000, moz:useNonSpecCompliantPointerOrigin: false, moz:webdriverClick: true, moz:windowless: false, pageLoadStrategy: normal, platform: WINDOWS, platformName: WINDOWS, platformVersion: 10.0, proxy: Proxy(), setWindowRect: true, strictFileInteractability: false, timeouts: {implicit: 0, pageLoad: 300000, script: 30000}, unhandledPromptBehavior: dismiss and notify}
Session ID: 25ae7b6e-130c-4195-b080-b806644004f6
]]></error>
    <system-out><![CDATA[
@EbooksGoogle
Scenario: Ebooks Login test via Google             &amp#27;[90m# src/test/java/features/GoogleLogin.feature:4&amp#27;[0m
  &amp#27;[31mGiven &amp#27;[0m&amp#27;[31muser is on Home Page&amp#27;[0m                       &amp#27;[90m# stepDefination.GoogleLogin.user_is_on_Home_Page()&amp#27;[0m
      &amp#27;[31morg.openqa.selenium.WebDriverException: Reached error page: about:neterror?e=nssFailure2&u=https%3A//www.google.com/intl/en-GB/gmail/about/%23inbox&c=UTF-8&d=The%20connection%20to%20the%20server%20was%20reset%20while%20the%20page%20was%20loading.
Build info: version: '3.141.59', revision: 'e82be7d358', time: '2018-11-14T08:17:03'
System info: host: 'SLIDEQA2', ip: '192.168.43.28', os.name: 'Windows 10', os.arch: 'amd64', os.version: '10.0', java.version: '17'
Driver info: org.openqa.selenium.firefox.FirefoxDriver
Capabilities {acceptInsecureCerts: true, browserName: firefox, browserVersion: 102.0.1, javascriptEnabled: true, moz:accessibilityChecks: false, moz:buildID: 20220705093820, moz:geckodriverVersion: 0.31.0, moz:headless: false, moz:processID: 24140, moz:profile: C:\Users\SLIDEQ~1\AppData\L..., moz:shutdownTimeout: 60000, moz:useNonSpecCompliantPointerOrigin: false, moz:webdriverClick: true, moz:windowless: false, pageLoadStrategy: normal, platform: WINDOWS, platformName: WINDOWS, platformVersion: 10.0, proxy: Proxy(), setWindowRect: true, strictFileInteractability: false, timeouts: {implicit: 0, pageLoad: 300000, script: 30000}, unhandledPromptBehavior: dismiss and notify}
Session ID: 25ae7b6e-130c-4195-b080-b806644004f6
	at java.base/jdk.internal.reflect.NativeConstructorAccessorImpl.newInstance0(Native Method)
	at java.base/jdk.internal.reflect.NativeConstructorAccessorImpl.newInstance(NativeConstructorAccessorImpl.java:77)
	at java.base/jdk.internal.reflect.DelegatingConstructorAccessorImpl.newInstance(DelegatingConstructorAccessorImpl.java:45)
	at java.base/java.lang.reflect.Constructor.newInstanceWithCaller(Constructor.java:499)
	at java.base/java.lang.reflect.Constructor.newInstance(Constructor.java:480)
	at org.openqa.selenium.remote.http.W3CHttpResponseCodec.createException(W3CHttpResponseCodec.java:187)
	at org.openqa.selenium.remote.http.W3CHttpResponseCodec.decode(W3CHttpResponseCodec.java:122)
	at org.openqa.selenium.remote.http.W3CHttpResponseCodec.decode(W3CHttpResponseCodec.java:49)
	at org.openqa.selenium.remote.HttpCommandExecutor.execute(HttpCommandExecutor.java:158)
	at org.openqa.selenium.remote.service.DriverCommandExecutor.execute(DriverCommandExecutor.java:83)
	at org.openqa.selenium.remote.RemoteWebDriver.execute(RemoteWebDriver.java:552)
	at org.openqa.selenium.remote.RemoteWebDriver.execute(RemoteWebDriver.java:609)
	at org.openqa.selenium.remote.RemoteWebDriver$RemoteNavigation.refresh(RemoteWebDriver.java:865)
	at BaseClass.SetUPClass.ClearGoggleCache(SetUPClass.java:114)
	at stepDefination.GoogleLogin.user_is_on_Home_Page(GoogleLogin.java:21)
	at âœ½.user is on Home Page(file:///D:/Selenium%20Live%20Projects/slidegeeksEbooksLoginTest/./src/test/java/features/GoogleLogin.feature:5)
&amp#27;[0m
  &amp#27;[36mThen &amp#27;[0m&amp#27;[36mclick on Ebook button&amp#27;[0m                       &amp#27;[90m# stepDefination.GoogleLogin.click_on_Ebook_button()&amp#27;[0m
  &amp#27;[36mThen &amp#27;[0m&amp#27;[36mclick on Buynow option&amp#27;[0m                      &amp#27;[90m# stepDefination.GoogleLogin.click_on_Buynow_option()&amp#27;[0m
  &amp#27;[36mThen &amp#27;[0m&amp#27;[36mclick on google option&amp#27;[0m                      &amp#27;[90m# stepDefination.GoogleLogin.click_on_google_option()&amp#27;[0m
  &amp#27;[36mThen &amp#27;[0m&amp#27;[36menter valid credentials&amp#27;[0m                     &amp#27;[90m# stepDefination.GoogleLogin.enter_valid_credentials()&amp#27;[0m
  &amp#27;[36mThen &amp#27;[0m&amp#27;[36mverify that user is successfully logged in&amp#27;[0m  &amp#27;[90m# stepDefination.GoogleLogin.verify_that_user_is_successfully_logged_in()&amp#27;[0m
  &amp#27;[36mThen &amp#27;[0m&amp#27;[36mdownload the selected ebbok&amp#27;[0m                 &amp#27;[90m# stepDefination.GoogleLogin.download_the_selected_ebbok()&amp#27;[0m
  &amp#27;[36mThen &amp#27;[0m&amp#27;[36mlogout from the application&amp#27;[0m                 &amp#27;[90m# stepDefination.GoogleLogin.logout_from_the_application()&amp#27;[0m
  &amp#27;[36mThen &amp#27;[0m&amp#27;[36mverify that user is successfully logged out&amp#27;[0m &amp#27;[90m# stepDefination.GoogleLogin.verify_that_user_is_successfully_logged_out()&amp#27;[0m

    Embedding screenshotName [image/png 49002 bytes]

]]></system-out>
    <system-err><![CDATA[JavaScript error: https://cdn.livechatinc.com/tracking.js, line 1: Error: JSONP request failed.
]]></system-err>
  </testcase>
  <testcase name="Download Ebooks via paid login" classname="Download Ebooks via paid login" time="55.743">
    <system-out><![CDATA[
@paidLogin
Scenario: Download Ebooks via paid login &amp#27;[90m# src/test/java/features/PaidLogin.feature:5&amp#27;[0m
  &amp#27;[32mGiven &amp#27;[0m&amp#27;[32mUser is on geeks Home Pageii&amp#27;[0m     &amp#27;[90m# stepDefination.PaidLogin.user_is_on_geeks_Home_Pageii()&amp#27;[0m
  &amp#27;[32mThen &amp#27;[0m&amp#27;[32mclick on signin butoon&amp#27;[0m            &amp#27;[90m# stepDefination.PaidLogin.click_on_signin_butoon()&amp#27;[0m
  &amp#27;[32mThen &amp#27;[0m&amp#27;[32menter vaild paid credentials&amp#27;[0m      &amp#27;[90m# stepDefination.PaidLogin.enter_vaild_paid_credentials()&amp#27;[0m
  &amp#27;[32mThen &amp#27;[0m&amp#27;[32mClick on Ebooksii&amp#27;[0m                 &amp#27;[90m# stepDefination.PaidLogin.click_on_Ebooksii()&amp#27;[0m
  &amp#27;[32mThen &amp#27;[0m&amp#27;[32mClick on Download option&amp#27;[0m          &amp#27;[90m# stepDefination.PaidLogin.click_on_Download_option()&amp#27;[0m
  &amp#27;[32mThen &amp#27;[0m&amp#27;[32mUser logout from the application&amp#27;[0m  &amp#27;[90m# stepDefination.PaidLogin.user_logout_from_the_application()&amp#27;[0m
]]></system-out>
    <system-err><![CDATA[JavaScript warning: https://code.jquery.com/jquery-2.0.0.min.js, line 2: Using //@ to indicate sourceMappingURL pragmas is deprecated. Use //# instead
1658300872454	Marionette	WARN	TimedPromise timed out after 500 ms: stacktrace:
TimedPromise/<@chrome://remote/content/marionette/sync.js:234:19
TimedPromise@chrome://remote/content/marionette/sync.js:219:10
interaction.flushEventLoop@chrome://remote/content/marionette/interaction.js:431:10
webdriverClickElement@chrome://remote/content/marionette/interaction.js:179:31
JavaScript warning: https://code.jquery.com/jquery-2.0.0.min.js, line 2: Using //@ to indicate sourceMappingURL pragmas is deprecated. Use //# instead
console.warn: LoginRecipes: "getRecipes: falling back to a synchronous message for:" "https://www.slidegeeks.com"
JavaScript error: resource://gre/modules/LoginManagerParent.jsm, line 136: TypeError: gRecipeManager is null
console.warn: LoginRecipes: "getRecipes: falling back to a synchronous message for:" "https://www.slidegeeks.com"
JavaScript error: resource://gre/modules/LoginManagerParent.jsm, line 136: TypeError: gRecipeManager is null
1658300881068	Marionette	WARN	TimedPromise timed out after 500 ms: stacktrace:
TimedPromise/<@chrome://remote/content/marionette/sync.js:234:19
TimedPromise@chrome://remote/content/marionette/sync.js:219:10
interaction.flushEventLoop@chrome://remote/content/marionette/interaction.js:431:10
webdriverClickElement@chrome://remote/content/marionette/interaction.js:179:31
JavaScript warning: https://code.jquery.com/jquery-2.0.0.min.js, line 2: Using //@ to indicate sourceMappingURL pragmas is deprecated. Use //# instead
1658300889526	Marionette	WARN	TimedPromise timed out after 500 ms: stacktrace:
TimedPromise/<@chrome://remote/content/marionette/sync.js:234:19
TimedPromise@chrome://remote/content/marionette/sync.js:219:10
interaction.flushEventLoop@chrome://remote/content/marionette/interaction.js:431:10
webdriverClickElement@chrome://remote/content/marionette/interaction.js:179:31
JavaScript warning: https://code.jquery.com/jquery-2.0.0.min.js, line 2: Using //@ to indicate sourceMappingURL pragmas is deprecated. Use //# instead
1658300897746	Marionette	WARN	TimedPromise timed out after 500 ms: stacktrace:
TimedPromise/<@chrome://remote/content/marionette/sync.js:234:19
TimedPromise@chrome://remote/content/marionette/sync.js:219:10
interaction.flushEventLoop@chrome://remote/content/marionette/interaction.js:431:10
webdriverClickElement@chrome://remote/content/marionette/interaction.js:179:31
console.warn: LoginRecipes: "getRecipes: falling back to a synchronous message for:" "https://www.slidegeeks.com"
JavaScript error: resource://gre/modules/LoginManagerParent.jsm, line 136: TypeError: gRecipeManager is null
console.warn: LoginRecipes: "getRecipes: falling back to a synchronous message for:" "https://www.slidegeeks.com"
JavaScript error: resource://gre/modules/LoginManagerParent.jsm, line 136: TypeError: gRecipeManager is null
]]></system-err>
  </testcase>
  <testcase name="Ebooks paypal Signup Login test" classname="Ebooks paypal Signup Login test" time="163.259">
    <system-out><![CDATA[
@EbooksPaypal
Scenario: Ebooks paypal Signup Login test                              &amp#27;[90m# src/test/java/features/PaypalCheckout.feature:4&amp#27;[0m
  &amp#27;[32mGiven &amp#27;[0m&amp#27;[32mGo to the geeks Home pagei&amp#27;[0m                                     &amp#27;[90m# stepDefination.PaypalCheckout.go_to_the_geeks_Home_pagei()&amp#27;[0m
  &amp#27;[32mThen &amp#27;[0m&amp#27;[32mclick on signup buttoni&amp#27;[0m                                         &amp#27;[90m# stepDefination.PaypalCheckout.click_on_signup_buttoni()&amp#27;[0m
ulspnmockx
selenium.testing.ulspnmockx@gmail.com
  &amp#27;[32mThen &amp#27;[0m&amp#27;[32muser creates a new account&amp#27;[0m                                      &amp#27;[90m# stepDefination.PaypalCheckout.user_creates_a_new_account()&amp#27;[0m
  &amp#27;[32mThen &amp#27;[0m&amp#27;[32mverify that user is successfully signupi&amp#27;[0m                        &amp#27;[90m# stepDefination.PaypalCheckout.verify_that_user_is_successfully_signupi()&amp#27;[0m
  &amp#27;[32mThen &amp#27;[0m&amp#27;[32mclick on ebooks buttoni&amp#27;[0m                                         &amp#27;[90m# stepDefination.PaypalCheckout.click_on_ebooks_buttoni()&amp#27;[0m
  &amp#27;[32mThen &amp#27;[0m&amp#27;[32mverify the checkout process via paypal&amp#27;[0m                          &amp#27;[90m# stepDefination.PaypalCheckout.verify_the_checkout_process_via_paypal()&amp#27;[0m
Title = Log in to your PayPal account
  &amp#27;[32mThen &amp#27;[0m&amp#27;[32mpaypal popup appears and user navigates back to my account page&amp#27;[0m &amp#27;[90m# stepDefination.PaypalCheckout.paypal_popup_appears_and_user_navigates_back_to_my_account_page()&amp#27;[0m
  &amp#27;[32mThen &amp#27;[0m&amp#27;[32mdelete the accounti&amp#27;[0m                                             &amp#27;[90m# stepDefination.PaypalCheckout.delete_the_accounti()&amp#27;[0m
verifyText1 = Your Account has been deleted successfully.
  &amp#27;[32mThen &amp#27;[0m&amp#27;[32mverify the account is successfully deletedi&amp#27;[0m                     &amp#27;[90m# stepDefination.PaypalCheckout.verify_the_account_is_successfully_deletedi()&amp#27;[0m
]]></system-out>
    <system-err><![CDATA[console.warn: LoginRecipes: "getRecipes: falling back to a synchronous message for:" "https://www.slidegeeks.com"
JavaScript error: resource://gre/modules/LoginManagerParent.jsm, line 136: TypeError: gRecipeManager is null
JavaScript warning: https://code.jquery.com/jquery-2.0.0.min.js, line 2: Using //@ to indicate sourceMappingURL pragmas is deprecated. Use //# instead
JavaScript warning: https://code.jquery.com/jquery-2.0.0.min.js, line 2: Using //@ to indicate sourceMappingURL pragmas is deprecated. Use //# instead
Jul 20, 2022 12:38:54 PM stepDefination.PaypalCheckout click_on_signup_buttoni
INFO: It's opening the website URL and redirect user to sign up page
console.warn: LoginRecipes: "getRecipes: falling back to a synchronous message for:" "https://www.slidegeeks.com"
JavaScript error: resource://gre/modules/LoginManagerParent.jsm, line 136: TypeError: gRecipeManager is null
console.warn: LoginRecipes: "getRecipes: falling back to a synchronous message for:" "https://www.slidegeeks.com"
JavaScript error: resource://gre/modules/LoginManagerParent.jsm, line 136: TypeError: gRecipeManager is null
1658300960989	Marionette	WARN	TimedPromise timed out after 500 ms: stacktrace:
TimedPromise/<@chrome://remote/content/marionette/sync.js:234:19
TimedPromise@chrome://remote/content/marionette/sync.js:219:10
interaction.flushEventLoop@chrome://remote/content/marionette/interaction.js:431:10
webdriverClickElement@chrome://remote/content/marionette/interaction.js:179:31
JavaScript warning: https://code.jquery.com/jquery-2.0.0.min.js, line 2: Using //@ to indicate sourceMappingURL pragmas is deprecated. Use //# instead
1658300964760	Marionette	WARN	Ignoring event 'pageshow' because document has an invalid readyState of 'uninitialized'.
1658300968488	Marionette	WARN	Ignoring event 'pageshow' because document has an invalid readyState of 'interactive'.
1658300972478	Marionette	WARN	TimedPromise timed out after 500 ms: stacktrace:
TimedPromise/<@chrome://remote/content/marionette/sync.js:234:19
TimedPromise@chrome://remote/content/marionette/sync.js:219:10
interaction.flushEventLoop@chrome://remote/content/marionette/interaction.js:431:10
webdriverClickElement@chrome://remote/content/marionette/interaction.js:179:31
JavaScript warning: https://code.jquery.com/jquery-2.0.0.min.js, line 2: Using //@ to indicate sourceMappingURL pragmas is deprecated. Use //# instead
1658300978683	Marionette	WARN	TimedPromise timed out after 500 ms: stacktrace:
TimedPromise/<@chrome://remote/content/marionette/sync.js:234:19
TimedPromise@chrome://remote/content/marionette/sync.js:219:10
interaction.flushEventLoop@chrome://remote/content/marionette/interaction.js:431:10
webdriverClickElement@chrome://remote/content/marionette/interaction.js:179:31
JavaScript error: https://www.googletagmanager.com/gtm.js?id=GTM-N2LH4MR, line 288: TypeError: G[Dd.ba] is undefined
console.warn: LoginRecipes: "getRecipes: falling back to a synchronous message for:" "https://www.slidegeeks.com"
JavaScript error: resource://gre/modules/LoginManagerParent.jsm, line 136: TypeError: gRecipeManager is null
console.warn: LoginRecipes: "getRecipes: falling back to a synchronous message for:" "https://www.slidegeeks.com"
JavaScript error: resource://gre/modules/LoginManagerParent.jsm, line 136: TypeError: gRecipeManager is null
JavaScript error: https://www.paypal.com/auth/createchallenge/12207250c2406924/recaptchav3.js?_sessionID=ftxOiKPr3-GmUHAsEO2eH1RREtLRLPM-, line 1: TypeError: document[_0x2560dd(...)] is null
1658301001347	Marionette	WARN	Ignoring event 'DOMContentLoaded' because document has an invalid readyState of 'complete'.
1658301010781	Marionette	WARN	TimedPromise timed out after 500 ms: stacktrace:
TimedPromise/<@chrome://remote/content/marionette/sync.js:234:19
TimedPromise@chrome://remote/content/marionette/sync.js:219:10
interaction.flushEventLoop@chrome://remote/content/marionette/interaction.js:431:10
webdriverClickElement@chrome://remote/content/marionette/interaction.js:179:31
1658301021801	Marionette	WARN	TimedPromise timed out after 500 ms: stacktrace:
TimedPromise/<@chrome://remote/content/marionette/sync.js:234:19
TimedPromise@chrome://remote/content/marionette/sync.js:219:10
interaction.flushEventLoop@chrome://remote/content/marionette/interaction.js:431:10
webdriverClickElement@chrome://remote/content/marionette/interaction.js:179:31
1658301028552	Marionette	WARN	TimedPromise timed out after 500 ms: stacktrace:
TimedPromise/<@chrome://remote/content/marionette/sync.js:234:19
TimedPromise@chrome://remote/content/marionette/sync.js:219:10
interaction.flushEventLoop@chrome://remote/content/marionette/interaction.js:431:10
webdriverClickElement@chrome://remote/content/marionette/interaction.js:179:31
1658301035302	Marionette	WARN	TimedPromise timed out after 500 ms: stacktrace:
TimedPromise/<@chrome://remote/content/marionette/sync.js:234:19
TimedPromise@chrome://remote/content/marionette/sync.js:219:10
interaction.flushEventLoop@chrome://remote/content/marionette/interaction.js:431:10
webdriverClickElement@chrome://remote/content/marionette/interaction.js:179:31
1658301042047	Marionette	WARN	TimedPromise timed out after 500 ms: stacktrace:
TimedPromise/<@chrome://remote/content/marionette/sync.js:234:19
TimedPromise@chrome://remote/content/marionette/sync.js:219:10
interaction.flushEventLoop@chrome://remote/content/marionette/interaction.js:431:10
webdriverClickElement@chrome://remote/content/marionette/interaction.js:179:31
]]></system-err>
  </testcase>
  <testcase name="Ebooks stripe Signup Login test" classname="Ebooks stripe Signup Login test" time="92.877">
    <failure message="title does not matched" type="java.lang.AssertionError"><![CDATA[java.lang.AssertionError: title does not matched
]]></failure>
    <system-out><![CDATA[
@Ebookstripe
Scenario: Ebooks stripe Signup Login test         &amp#27;[90m# src/test/java/features/stripecheckout.feature:3&amp#27;[0m
  &amp#27;[32mGiven &amp#27;[0m&amp#27;[32mGo to the geeks Home page&amp#27;[0m                 &amp#27;[90m# stepDefination.StripeCheckout.go_to_the_geeks_Home_page()&amp#27;[0m
  &amp#27;[32mThen &amp#27;[0m&amp#27;[32mclick on signup button&amp#27;[0m                     &amp#27;[90m# stepDefination.StripeCheckout.click_on_signup_button()&amp#27;[0m
rycsnbmyuj
selenium.testing.rycsnbmyuj@gmail.com
  &amp#27;[32mThen &amp#27;[0m&amp#27;[32mUser creates a new account&amp#27;[0m                 &amp#27;[90m# stepDefination.StripeCheckout.User_creates_a_new_account()&amp#27;[0m
  &amp#27;[32mThen &amp#27;[0m&amp#27;[32mverify that user is successfully signup&amp#27;[0m    &amp#27;[90m# stepDefination.StripeCheckout.verify_that_user_is_successfully_signup()&amp#27;[0m
  &amp#27;[32mThen &amp#27;[0m&amp#27;[32mclick on ebooks button&amp#27;[0m                     &amp#27;[90m# stepDefination.StripeCheckout.click_on_ebooks_button()&amp#27;[0m
false= value
Title of the Page is --> Home
  &amp#27;[31mThen &amp#27;[0m&amp#27;[31mverify the checkout process via stripe&amp#27;[0m     &amp#27;[90m# stepDefination.StripeCheckout.verify_the_checkout_process_via_stripe()&amp#27;[0m
      &amp#27;[31mjava.lang.AssertionError: title does not matched
	at org.junit.Assert.fail(Assert.java:88)
	at org.junit.Assert.assertTrue(Assert.java:41)
	at stepDefination.StripeCheckout.verify_the_checkout_process_via_stripe(StripeCheckout.java:160)
	at âœ½.verify the checkout process via stripe(file:///D:/Selenium%20Live%20Projects/slidegeeksEbooksLoginTest/./src/test/java/features/stripecheckout.feature:9)
&amp#27;[0m
  &amp#27;[36mThen &amp#27;[0m&amp#27;[36mdelete the account&amp#27;[0m                         &amp#27;[90m# stepDefination.StripeCheckout.delete_the_account()&amp#27;[0m
  &amp#27;[36mThen &amp#27;[0m&amp#27;[36mverify the account is successfully deleted&amp#27;[0m &amp#27;[90m# stepDefination.StripeCheckout.verify_the_account_is_successfully_deleted()&amp#27;[0m

    Embedding screenshotName [image/png 169784 bytes]

]]></system-out>
    <system-err><![CDATA[JavaScript error: https://cdn.livechatinc.com/tracking.js, line 1: Error: JSONP request failed.
JavaScript warning: https://code.jquery.com/jquery-2.0.0.min.js, line 2: Using //@ to indicate sourceMappingURL pragmas is deprecated. Use //# instead
1658301093512	Marionette	WARN	Ignoring event 'pageshow' because document has an invalid readyState of 'uninitialized'.
JavaScript warning: https://code.jquery.com/jquery-2.0.0.min.js, line 2: Using //@ to indicate sourceMappingURL pragmas is deprecated. Use //# instead
Jul 20, 2022 12:41:39 PM stepDefination.StripeCheckout click_on_signup_button
INFO: It's opening the website URL and redirect user to sign up page
1658301101666	Marionette	WARN	Ignoring event 'pageshow' because document has an invalid readyState of 'uninitialized'.
console.warn: LoginRecipes: "getRecipes: falling back to a synchronous message for:" "https://www.slidegeeks.com"
JavaScript error: resource://gre/modules/LoginManagerParent.jsm, line 136: TypeError: gRecipeManager is null
console.warn: LoginRecipes: "getRecipes: falling back to a synchronous message for:" "https://www.slidegeeks.com"
JavaScript error: resource://gre/modules/LoginManagerParent.jsm, line 136: TypeError: gRecipeManager is null
JavaScript warning: https://code.jquery.com/jquery-2.0.0.min.js, line 2: Using //@ to indicate sourceMappingURL pragmas is deprecated. Use //# instead
1658301129449	Marionette	WARN	Ignoring event 'pageshow' because document has an invalid readyState of 'uninitialized'.
1658301131264	Marionette	WARN	Ignoring event 'pageshow' because document has an invalid readyState of 'uninitialized'.
1658301133128	Marionette	WARN	Ignoring event 'pageshow' because document has an invalid readyState of 'interactive'.
1658301134290	Marionette	WARN	TimedPromise timed out after 500 ms: stacktrace:
TimedPromise/<@chrome://remote/content/marionette/sync.js:234:19
TimedPromise@chrome://remote/content/marionette/sync.js:219:10
interaction.flushEventLoop@chrome://remote/content/marionette/interaction.js:431:10
webdriverClickElement@chrome://remote/content/marionette/interaction.js:179:31
JavaScript warning: https://code.jquery.com/jquery-2.0.0.min.js, line 2: Using //@ to indicate sourceMappingURL pragmas is deprecated. Use //# instead
1658301137307	Marionette	WARN	Ignoring event 'pageshow' because document has an invalid readyState of 'uninitialized'.
1658301140099	Marionette	WARN	TimedPromise timed out after 500 ms: stacktrace:
TimedPromise/<@chrome://remote/content/marionette/sync.js:234:19
TimedPromise@chrome://remote/content/marionette/sync.js:219:10
interaction.flushEventLoop@chrome://remote/content/marionette/interaction.js:431:10
webdriverClickElement@chrome://remote/content/marionette/interaction.js:179:31
JavaScript error: https://www.googletagmanager.com/gtm.js?id=GTM-N2LH4MR, line 288: TypeError: G[Dd.ba] is undefined
1658301143215	Marionette	WARN	Ignoring event 'pageshow' because document has an invalid readyState of 'uninitialized'.
console.warn: LoginRecipes: "getRecipes: falling back to a synchronous message for:" "https://www.slidegeeks.com"
JavaScript error: resource://gre/modules/LoginManagerParent.jsm, line 136: TypeError: gRecipeManager is null
console.warn: LoginRecipes: "getRecipes: falling back to a synchronous message for:" "https://www.slidegeeks.com"
JavaScript error: resource://gre/modules/LoginManagerParent.jsm, line 136: TypeError: gRecipeManager is null
]]></system-err>
  </testcase>
</testsuite>